Determining if the pthread_create exist failed with the following output:
Change Dir: /home/yxg/pcl/pcl/mls2/build/CMakeFiles/CMakeTmp

Run Build Command:"/usr/bin/gmake" "cmTC_6b212/fast"
/usr/bin/gmake -f CMakeFiles/cmTC_6b212.dir/build.make CMakeFiles/cmTC_6b212.dir/build
gmake[1]: Entering directory '/home/yxg/pcl/pcl/mls2/build/CMakeFiles/CMakeTmp'
Building C object CMakeFiles/cmTC_6b212.dir/CheckSymbolExists.c.o
/usr/bin/cc     -o CMakeFiles/cmTC_6b212.dir/CheckSymbolExists.c.o   -c /home/yxg/pcl/pcl/mls2/build/CMakeFiles/CMakeTmp/CheckSymbolExists.c
Linking C executable cmTC_6b212
/usr/bin/cmake -E cmake_link_script CMakeFiles/cmTC_6b212.dir/link.txt --verbose=1
/usr/bin/cc       CMakeFiles/cmTC_6b212.dir/CheckSymbolExists.c.o  -o cmTC_6b212 -rdynamic 
CMakeFiles/cmTC_6b212.dir/CheckSymbolExists.c.o: In function `main':
CheckSymbolExists.c:(.text+0x16): undefined reference to `pthread_create'
collect2: error: ld returned 1 exit status
gmake[1]: *** [CMakeFiles/cmTC_6b212.dir/build.make:98: cmTC_6b212] Error 1
gmake[1]: Leaving directory '/home/yxg/pcl/pcl/mls2/build/CMakeFiles/CMakeTmp'
gmake: *** [Makefile:126: cmTC_6b212/fast] Error 2

File /home/yxg/pcl/pcl/mls2/build/CMakeFiles/CMakeTmp/CheckSymbolExists.c:
/* */
#include <pthread.h>

int main(int argc, char** argv)
{
  (void)argv;
#ifndef pthread_create
  return ((int*)(&pthread_create))[argc];
#else
  (void)argc;
  return 0;
#endif
}

Determining if the function pthread_create exists in the pthreads failed with the following output:
Change Dir: /home/yxg/pcl/pcl/mls2/build/CMakeFiles/CMakeTmp

Run Build Command:"/usr/bin/gmake" "cmTC_55b5d/fast"
/usr/bin/gmake -f CMakeFiles/cmTC_55b5d.dir/build.make CMakeFiles/cmTC_55b5d.dir/build
gmake[1]: Entering directory '/home/yxg/pcl/pcl/mls2/build/CMakeFiles/CMakeTmp'
Building C object CMakeFiles/cmTC_55b5d.dir/CheckFunctionExists.c.o
/usr/bin/cc    -DCHECK_FUNCTION_EXISTS=pthread_create   -o CMakeFiles/cmTC_55b5d.dir/CheckFunctionExists.c.o   -c /usr/share/cmake/Modules/CheckFunctionExists.c
Linking C executable cmTC_55b5d
/usr/bin/cmake -E cmake_link_script CMakeFiles/cmTC_55b5d.dir/link.txt --verbose=1
/usr/bin/cc   -DCHECK_FUNCTION_EXISTS=pthread_create    CMakeFiles/cmTC_55b5d.dir/CheckFunctionExists.c.o  -o cmTC_55b5d -rdynamic -lpthreads 
/usr/lib/gcc/x86_64-pc-linux-gnu/5.3.0/../../../../x86_64-pc-linux-gnu/bin/ld: cannot find -lpthreads
collect2: error: ld returned 1 exit status
gmake[1]: *** [CMakeFiles/cmTC_55b5d.dir/build.make:98: cmTC_55b5d] Error 1
gmake[1]: Leaving directory '/home/yxg/pcl/pcl/mls2/build/CMakeFiles/CMakeTmp'
gmake: *** [Makefile:126: cmTC_55b5d/fast] Error 2


