The system is: Linux - 4.5.0-gentoo - x86_64
Compiling the C compiler identification source file "CMakeCCompilerId.c" succeeded.
Compiler: /usr/bin/cc 
Build flags: 
Id flags: 

The output was:
0


Compilation of the C compiler identification source "CMakeCCompilerId.c" produced "a.out"

The C compiler identification is GNU, found in "/home/yxg/pcl/pcl/keypoints/build/CMakeFiles/3.6.1/CompilerIdC/a.out"

Compiling the CXX compiler identification source file "CMakeCXXCompilerId.cpp" succeeded.
Compiler: /usr/bin/c++ 
Build flags: 
Id flags: 

The output was:
0


Compilation of the CXX compiler identification source "CMakeCXXCompilerId.cpp" produced "a.out"

The CXX compiler identification is GNU, found in "/home/yxg/pcl/pcl/keypoints/build/CMakeFiles/3.6.1/CompilerIdCXX/a.out"

Determining if the C compiler works passed with the following output:
Change Dir: /home/yxg/pcl/pcl/keypoints/build/CMakeFiles/CMakeTmp

Run Build Command:"/usr/bin/gmake" "cmTC_ea464/fast"
/usr/bin/gmake -f CMakeFiles/cmTC_ea464.dir/build.make CMakeFiles/cmTC_ea464.dir/build
gmake[1]: Entering directory '/home/yxg/pcl/pcl/keypoints/build/CMakeFiles/CMakeTmp'
Building C object CMakeFiles/cmTC_ea464.dir/testCCompiler.c.o
/usr/bin/cc     -o CMakeFiles/cmTC_ea464.dir/testCCompiler.c.o   -c /home/yxg/pcl/pcl/keypoints/build/CMakeFiles/CMakeTmp/testCCompiler.c
Linking C executable cmTC_ea464
/usr/bin/cmake -E cmake_link_script CMakeFiles/cmTC_ea464.dir/link.txt --verbose=1
/usr/bin/cc       CMakeFiles/cmTC_ea464.dir/testCCompiler.c.o  -o cmTC_ea464 -rdynamic 
gmake[1]: Leaving directory '/home/yxg/pcl/pcl/keypoints/build/CMakeFiles/CMakeTmp'


Detecting C compiler ABI info compiled with the following output:
Change Dir: /home/yxg/pcl/pcl/keypoints/build/CMakeFiles/CMakeTmp

Run Build Command:"/usr/bin/gmake" "cmTC_a29c4/fast"
/usr/bin/gmake -f CMakeFiles/cmTC_a29c4.dir/build.make CMakeFiles/cmTC_a29c4.dir/build
gmake[1]: Entering directory '/home/yxg/pcl/pcl/keypoints/build/CMakeFiles/CMakeTmp'
Building C object CMakeFiles/cmTC_a29c4.dir/CMakeCCompilerABI.c.o
/usr/bin/cc     -o CMakeFiles/cmTC_a29c4.dir/CMakeCCompilerABI.c.o   -c /usr/share/cmake/Modules/CMakeCCompilerABI.c
Linking C executable cmTC_a29c4
/usr/bin/cmake -E cmake_link_script CMakeFiles/cmTC_a29c4.dir/link.txt --verbose=1
/usr/bin/cc      -v CMakeFiles/cmTC_a29c4.dir/CMakeCCompilerABI.c.o  -o cmTC_a29c4 -rdynamic  
Using built-in specs.
COLLECT_GCC=/usr/x86_64-pc-linux-gnu/gcc-bin/5.3.0/gcc
COLLECT_LTO_WRAPPER=/usr/libexec/gcc/x86_64-pc-linux-gnu/5.3.0/lto-wrapper
Target: x86_64-pc-linux-gnu
Configured with: /var/tmp/portage/sys-devel/gcc-5.3.0/work/gcc-5.3.0/configure --host=x86_64-pc-linux-gnu --build=x86_64-pc-linux-gnu --prefix=/usr --bindir=/usr/x86_64-pc-linux-gnu/gcc-bin/5.3.0 --includedir=/usr/lib/gcc/x86_64-pc-linux-gnu/5.3.0/include --datadir=/usr/share/gcc-data/x86_64-pc-linux-gnu/5.3.0 --mandir=/usr/share/gcc-data/x86_64-pc-linux-gnu/5.3.0/man --infodir=/usr/share/gcc-data/x86_64-pc-linux-gnu/5.3.0/info --with-gxx-include-dir=/usr/lib/gcc/x86_64-pc-linux-gnu/5.3.0/include/g++-v5 --with-python-dir=/share/gcc-data/x86_64-pc-linux-gnu/5.3.0/python --enable-languages=c,c++,fortran --enable-obsolete --enable-secureplt --disable-werror --with-system-zlib --enable-nls --without-included-gettext --enable-checking=release --with-bugurl=https://bugs.gentoo.org/ --with-pkgversion='Gentoo 5.3.0 p1.0, pie-0.6.5' --enable-libstdcxx-time --enable-shared --enable-threads=posix --enable-__cxa_atexit --enable-clocale=gnu --disable-multilib --with-multilib-list=m64 --disable-altivec --disable-fixed-point --enable-targets=all --disable-libgcj --enable-libgomp --disable-libmudflap --disable-libssp --disable-libcilkrts --enable-lto --without-isl --enable-libsanitizer
Thread model: posix
gcc version 5.3.0 (Gentoo 5.3.0 p1.0, pie-0.6.5) 
COMPILER_PATH=/usr/libexec/gcc/x86_64-pc-linux-gnu/5.3.0/:/usr/libexec/gcc/x86_64-pc-linux-gnu/5.3.0/:/usr/libexec/gcc/x86_64-pc-linux-gnu/:/usr/lib/gcc/x86_64-pc-linux-gnu/5.3.0/:/usr/lib/gcc/x86_64-pc-linux-gnu/:/usr/lib/gcc/x86_64-pc-linux-gnu/5.3.0/../../../../x86_64-pc-linux-gnu/bin/
LIBRARY_PATH=/usr/lib/gcc/x86_64-pc-linux-gnu/5.3.0/:/usr/lib/gcc/x86_64-pc-linux-gnu/5.3.0/../../../../lib64/:/lib/../lib64/:/usr/lib/../lib64/:/usr/lib/gcc/x86_64-pc-linux-gnu/5.3.0/../../../../x86_64-pc-linux-gnu/lib/:/usr/lib/gcc/x86_64-pc-linux-gnu/5.3.0/../../../:/lib/:/usr/lib/
COLLECT_GCC_OPTIONS='-v' '-o' 'cmTC_a29c4' '-rdynamic' '-mtune=generic' '-march=x86-64'
 /usr/libexec/gcc/x86_64-pc-linux-gnu/5.3.0/collect2 -plugin /usr/libexec/gcc/x86_64-pc-linux-gnu/5.3.0/liblto_plugin.so -plugin-opt=/usr/libexec/gcc/x86_64-pc-linux-gnu/5.3.0/lto-wrapper -plugin-opt=-fresolution=/tmp/ccAA54qa.res -plugin-opt=-pass-through=-lgcc -plugin-opt=-pass-through=-lgcc_s -plugin-opt=-pass-through=-lc -plugin-opt=-pass-through=-lgcc -plugin-opt=-pass-through=-lgcc_s --eh-frame-hdr -m elf_x86_64 -export-dynamic -dynamic-linker /lib64/ld-linux-x86-64.so.2 -o cmTC_a29c4 /usr/lib/gcc/x86_64-pc-linux-gnu/5.3.0/../../../../lib64/crt1.o /usr/lib/gcc/x86_64-pc-linux-gnu/5.3.0/../../../../lib64/crti.o /usr/lib/gcc/x86_64-pc-linux-gnu/5.3.0/crtbegin.o -L/usr/lib/gcc/x86_64-pc-linux-gnu/5.3.0 -L/usr/lib/gcc/x86_64-pc-linux-gnu/5.3.0/../../../../lib64 -L/lib/../lib64 -L/usr/lib/../lib64 -L/usr/lib/gcc/x86_64-pc-linux-gnu/5.3.0/../../../../x86_64-pc-linux-gnu/lib -L/usr/lib/gcc/x86_64-pc-linux-gnu/5.3.0/../../.. CMakeFiles/cmTC_a29c4.dir/CMakeCCompilerABI.c.o -lgcc --as-needed -lgcc_s --no-as-needed -lc -lgcc --as-needed -lgcc_s --no-as-needed /usr/lib/gcc/x86_64-pc-linux-gnu/5.3.0/crtend.o /usr/lib/gcc/x86_64-pc-linux-gnu/5.3.0/../../../../lib64/crtn.o
gmake[1]: Leaving directory '/home/yxg/pcl/pcl/keypoints/build/CMakeFiles/CMakeTmp'


Parsed C implicit link information from above output:
  link line regex: [^( *|.*[/\])(ld|([^/\]+-)?ld|collect2)[^/\]*( |$)]
  ignore line: [Change Dir: /home/yxg/pcl/pcl/keypoints/build/CMakeFiles/CMakeTmp]
  ignore line: []
  ignore line: [Run Build Command:"/usr/bin/gmake" "cmTC_a29c4/fast"]
  ignore line: [/usr/bin/gmake -f CMakeFiles/cmTC_a29c4.dir/build.make CMakeFiles/cmTC_a29c4.dir/build]
  ignore line: [gmake[1]: Entering directory '/home/yxg/pcl/pcl/keypoints/build/CMakeFiles/CMakeTmp']
  ignore line: [Building C object CMakeFiles/cmTC_a29c4.dir/CMakeCCompilerABI.c.o]
  ignore line: [/usr/bin/cc     -o CMakeFiles/cmTC_a29c4.dir/CMakeCCompilerABI.c.o   -c /usr/share/cmake/Modules/CMakeCCompilerABI.c]
  ignore line: [Linking C executable cmTC_a29c4]
  ignore line: [/usr/bin/cmake -E cmake_link_script CMakeFiles/cmTC_a29c4.dir/link.txt --verbose=1]
  ignore line: [/usr/bin/cc      -v CMakeFiles/cmTC_a29c4.dir/CMakeCCompilerABI.c.o  -o cmTC_a29c4 -rdynamic  ]
  ignore line: [Using built-in specs.]
  ignore line: [COLLECT_GCC=/usr/x86_64-pc-linux-gnu/gcc-bin/5.3.0/gcc]
  ignore line: [COLLECT_LTO_WRAPPER=/usr/libexec/gcc/x86_64-pc-linux-gnu/5.3.0/lto-wrapper]
  ignore line: [Target: x86_64-pc-linux-gnu]
  ignore line: [Configured with: /var/tmp/portage/sys-devel/gcc-5.3.0/work/gcc-5.3.0/configure --host=x86_64-pc-linux-gnu --build=x86_64-pc-linux-gnu --prefix=/usr --bindir=/usr/x86_64-pc-linux-gnu/gcc-bin/5.3.0 --includedir=/usr/lib/gcc/x86_64-pc-linux-gnu/5.3.0/include --datadir=/usr/share/gcc-data/x86_64-pc-linux-gnu/5.3.0 --mandir=/usr/share/gcc-data/x86_64-pc-linux-gnu/5.3.0/man --infodir=/usr/share/gcc-data/x86_64-pc-linux-gnu/5.3.0/info --with-gxx-include-dir=/usr/lib/gcc/x86_64-pc-linux-gnu/5.3.0/include/g++-v5 --with-python-dir=/share/gcc-data/x86_64-pc-linux-gnu/5.3.0/python --enable-languages=c,c++,fortran --enable-obsolete --enable-secureplt --disable-werror --with-system-zlib --enable-nls --without-included-gettext --enable-checking=release --with-bugurl=https://bugs.gentoo.org/ --with-pkgversion='Gentoo 5.3.0 p1.0, pie-0.6.5' --enable-libstdcxx-time --enable-shared --enable-threads=posix --enable-__cxa_atexit --enable-clocale=gnu --disable-multilib --with-multilib-list=m64 --disable-altivec --disable-fixed-point --enable-targets=all --disable-libgcj --enable-libgomp --disable-libmudflap --disable-libssp --disable-libcilkrts --enable-lto --without-isl --enable-libsanitizer]
  ignore line: [Thread model: posix]
  ignore line: [gcc version 5.3.0 (Gentoo 5.3.0 p1.0, pie-0.6.5) ]
  ignore line: [COMPILER_PATH=/usr/libexec/gcc/x86_64-pc-linux-gnu/5.3.0/:/usr/libexec/gcc/x86_64-pc-linux-gnu/5.3.0/:/usr/libexec/gcc/x86_64-pc-linux-gnu/:/usr/lib/gcc/x86_64-pc-linux-gnu/5.3.0/:/usr/lib/gcc/x86_64-pc-linux-gnu/:/usr/lib/gcc/x86_64-pc-linux-gnu/5.3.0/../../../../x86_64-pc-linux-gnu/bin/]
  ignore line: [LIBRARY_PATH=/usr/lib/gcc/x86_64-pc-linux-gnu/5.3.0/:/usr/lib/gcc/x86_64-pc-linux-gnu/5.3.0/../../../../lib64/:/lib/../lib64/:/usr/lib/../lib64/:/usr/lib/gcc/x86_64-pc-linux-gnu/5.3.0/../../../../x86_64-pc-linux-gnu/lib/:/usr/lib/gcc/x86_64-pc-linux-gnu/5.3.0/../../../:/lib/:/usr/lib/]
  ignore line: [COLLECT_GCC_OPTIONS='-v' '-o' 'cmTC_a29c4' '-rdynamic' '-mtune=generic' '-march=x86-64']
  link line: [ /usr/libexec/gcc/x86_64-pc-linux-gnu/5.3.0/collect2 -plugin /usr/libexec/gcc/x86_64-pc-linux-gnu/5.3.0/liblto_plugin.so -plugin-opt=/usr/libexec/gcc/x86_64-pc-linux-gnu/5.3.0/lto-wrapper -plugin-opt=-fresolution=/tmp/ccAA54qa.res -plugin-opt=-pass-through=-lgcc -plugin-opt=-pass-through=-lgcc_s -plugin-opt=-pass-through=-lc -plugin-opt=-pass-through=-lgcc -plugin-opt=-pass-through=-lgcc_s --eh-frame-hdr -m elf_x86_64 -export-dynamic -dynamic-linker /lib64/ld-linux-x86-64.so.2 -o cmTC_a29c4 /usr/lib/gcc/x86_64-pc-linux-gnu/5.3.0/../../../../lib64/crt1.o /usr/lib/gcc/x86_64-pc-linux-gnu/5.3.0/../../../../lib64/crti.o /usr/lib/gcc/x86_64-pc-linux-gnu/5.3.0/crtbegin.o -L/usr/lib/gcc/x86_64-pc-linux-gnu/5.3.0 -L/usr/lib/gcc/x86_64-pc-linux-gnu/5.3.0/../../../../lib64 -L/lib/../lib64 -L/usr/lib/../lib64 -L/usr/lib/gcc/x86_64-pc-linux-gnu/5.3.0/../../../../x86_64-pc-linux-gnu/lib -L/usr/lib/gcc/x86_64-pc-linux-gnu/5.3.0/../../.. CMakeFiles/cmTC_a29c4.dir/CMakeCCompilerABI.c.o -lgcc --as-needed -lgcc_s --no-as-needed -lc -lgcc --as-needed -lgcc_s --no-as-needed /usr/lib/gcc/x86_64-pc-linux-gnu/5.3.0/crtend.o /usr/lib/gcc/x86_64-pc-linux-gnu/5.3.0/../../../../lib64/crtn.o]
    arg [/usr/libexec/gcc/x86_64-pc-linux-gnu/5.3.0/collect2] ==> ignore
    arg [-plugin] ==> ignore
    arg [/usr/libexec/gcc/x86_64-pc-linux-gnu/5.3.0/liblto_plugin.so] ==> ignore
    arg [-plugin-opt=/usr/libexec/gcc/x86_64-pc-linux-gnu/5.3.0/lto-wrapper] ==> ignore
    arg [-plugin-opt=-fresolution=/tmp/ccAA54qa.res] ==> ignore
    arg [-plugin-opt=-pass-through=-lgcc] ==> ignore
    arg [-plugin-opt=-pass-through=-lgcc_s] ==> ignore
    arg [-plugin-opt=-pass-through=-lc] ==> ignore
    arg [-plugin-opt=-pass-through=-lgcc] ==> ignore
    arg [-plugin-opt=-pass-through=-lgcc_s] ==> ignore
    arg [--eh-frame-hdr] ==> ignore
    arg [-m] ==> ignore
    arg [elf_x86_64] ==> ignore
    arg [-export-dynamic] ==> ignore
    arg [-dynamic-linker] ==> ignore
    arg [/lib64/ld-linux-x86-64.so.2] ==> ignore
    arg [-o] ==> ignore
    arg [cmTC_a29c4] ==> ignore
    arg [/usr/lib/gcc/x86_64-pc-linux-gnu/5.3.0/../../../../lib64/crt1.o] ==> ignore
    arg [/usr/lib/gcc/x86_64-pc-linux-gnu/5.3.0/../../../../lib64/crti.o] ==> ignore
    arg [/usr/lib/gcc/x86_64-pc-linux-gnu/5.3.0/crtbegin.o] ==> ignore
    arg [-L/usr/lib/gcc/x86_64-pc-linux-gnu/5.3.0] ==> dir [/usr/lib/gcc/x86_64-pc-linux-gnu/5.3.0]
    arg [-L/usr/lib/gcc/x86_64-pc-linux-gnu/5.3.0/../../../../lib64] ==> dir [/usr/lib/gcc/x86_64-pc-linux-gnu/5.3.0/../../../../lib64]
    arg [-L/lib/../lib64] ==> dir [/lib/../lib64]
    arg [-L/usr/lib/../lib64] ==> dir [/usr/lib/../lib64]
    arg [-L/usr/lib/gcc/x86_64-pc-linux-gnu/5.3.0/../../../../x86_64-pc-linux-gnu/lib] ==> dir [/usr/lib/gcc/x86_64-pc-linux-gnu/5.3.0/../../../../x86_64-pc-linux-gnu/lib]
    arg [-L/usr/lib/gcc/x86_64-pc-linux-gnu/5.3.0/../../..] ==> dir [/usr/lib/gcc/x86_64-pc-linux-gnu/5.3.0/../../..]
    arg [CMakeFiles/cmTC_a29c4.dir/CMakeCCompilerABI.c.o] ==> ignore
    arg [-lgcc] ==> lib [gcc]
    arg [--as-needed] ==> ignore
    arg [-lgcc_s] ==> lib [gcc_s]
    arg [--no-as-needed] ==> ignore
    arg [-lc] ==> lib [c]
    arg [-lgcc] ==> lib [gcc]
    arg [--as-needed] ==> ignore
    arg [-lgcc_s] ==> lib [gcc_s]
    arg [--no-as-needed] ==> ignore
    arg [/usr/lib/gcc/x86_64-pc-linux-gnu/5.3.0/crtend.o] ==> ignore
    arg [/usr/lib/gcc/x86_64-pc-linux-gnu/5.3.0/../../../../lib64/crtn.o] ==> ignore
  remove lib [gcc]
  remove lib [gcc_s]
  remove lib [gcc]
  remove lib [gcc_s]
  collapse library dir [/usr/lib/gcc/x86_64-pc-linux-gnu/5.3.0] ==> [/usr/lib/gcc/x86_64-pc-linux-gnu/5.3.0]
  collapse library dir [/usr/lib/gcc/x86_64-pc-linux-gnu/5.3.0/../../../../lib64] ==> [/usr/lib64]
  collapse library dir [/lib/../lib64] ==> [/lib64]
  collapse library dir [/usr/lib/../lib64] ==> [/usr/lib64]
  collapse library dir [/usr/lib/gcc/x86_64-pc-linux-gnu/5.3.0/../../../../x86_64-pc-linux-gnu/lib] ==> [/usr/x86_64-pc-linux-gnu/lib]
  collapse library dir [/usr/lib/gcc/x86_64-pc-linux-gnu/5.3.0/../../..] ==> [/usr/lib]
  implicit libs: [c]
  implicit dirs: [/usr/lib/gcc/x86_64-pc-linux-gnu/5.3.0;/usr/lib64;/lib64;/usr/x86_64-pc-linux-gnu/lib;/usr/lib]
  implicit fwks: []




Detecting C [-std=c11] compiler features compiled with the following output:
Change Dir: /home/yxg/pcl/pcl/keypoints/build/CMakeFiles/CMakeTmp

Run Build Command:"/usr/bin/gmake" "cmTC_717eb/fast"
/usr/bin/gmake -f CMakeFiles/cmTC_717eb.dir/build.make CMakeFiles/cmTC_717eb.dir/build
gmake[1]: Entering directory '/home/yxg/pcl/pcl/keypoints/build/CMakeFiles/CMakeTmp'
Building C object CMakeFiles/cmTC_717eb.dir/feature_tests.c.o
/usr/bin/cc    -std=c11 -o CMakeFiles/cmTC_717eb.dir/feature_tests.c.o   -c /home/yxg/pcl/pcl/keypoints/build/CMakeFiles/feature_tests.c
Linking C executable cmTC_717eb
/usr/bin/cmake -E cmake_link_script CMakeFiles/cmTC_717eb.dir/link.txt --verbose=1
/usr/bin/cc       CMakeFiles/cmTC_717eb.dir/feature_tests.c.o  -o cmTC_717eb -rdynamic 
gmake[1]: Leaving directory '/home/yxg/pcl/pcl/keypoints/build/CMakeFiles/CMakeTmp'


    Feature record: C_FEATURE:1c_function_prototypes
    Feature record: C_FEATURE:1c_restrict
    Feature record: C_FEATURE:1c_static_assert
    Feature record: C_FEATURE:1c_variadic_macros


Detecting C [-std=c99] compiler features compiled with the following output:
Change Dir: /home/yxg/pcl/pcl/keypoints/build/CMakeFiles/CMakeTmp

Run Build Command:"/usr/bin/gmake" "cmTC_1c2e1/fast"
/usr/bin/gmake -f CMakeFiles/cmTC_1c2e1.dir/build.make CMakeFiles/cmTC_1c2e1.dir/build
gmake[1]: Entering directory '/home/yxg/pcl/pcl/keypoints/build/CMakeFiles/CMakeTmp'
Building C object CMakeFiles/cmTC_1c2e1.dir/feature_tests.c.o
/usr/bin/cc    -std=c99 -o CMakeFiles/cmTC_1c2e1.dir/feature_tests.c.o   -c /home/yxg/pcl/pcl/keypoints/build/CMakeFiles/feature_tests.c
Linking C executable cmTC_1c2e1
/usr/bin/cmake -E cmake_link_script CMakeFiles/cmTC_1c2e1.dir/link.txt --verbose=1
/usr/bin/cc       CMakeFiles/cmTC_1c2e1.dir/feature_tests.c.o  -o cmTC_1c2e1 -rdynamic 
gmake[1]: Leaving directory '/home/yxg/pcl/pcl/keypoints/build/CMakeFiles/CMakeTmp'


    Feature record: C_FEATURE:1c_function_prototypes
    Feature record: C_FEATURE:1c_restrict
    Feature record: C_FEATURE:0c_static_assert
    Feature record: C_FEATURE:1c_variadic_macros


Detecting C [-std=c90] compiler features compiled with the following output:
Change Dir: /home/yxg/pcl/pcl/keypoints/build/CMakeFiles/CMakeTmp

Run Build Command:"/usr/bin/gmake" "cmTC_beaa0/fast"
/usr/bin/gmake -f CMakeFiles/cmTC_beaa0.dir/build.make CMakeFiles/cmTC_beaa0.dir/build
gmake[1]: Entering directory '/home/yxg/pcl/pcl/keypoints/build/CMakeFiles/CMakeTmp'
Building C object CMakeFiles/cmTC_beaa0.dir/feature_tests.c.o
/usr/bin/cc    -std=c90 -o CMakeFiles/cmTC_beaa0.dir/feature_tests.c.o   -c /home/yxg/pcl/pcl/keypoints/build/CMakeFiles/feature_tests.c
Linking C executable cmTC_beaa0
/usr/bin/cmake -E cmake_link_script CMakeFiles/cmTC_beaa0.dir/link.txt --verbose=1
/usr/bin/cc       CMakeFiles/cmTC_beaa0.dir/feature_tests.c.o  -o cmTC_beaa0 -rdynamic 
gmake[1]: Leaving directory '/home/yxg/pcl/pcl/keypoints/build/CMakeFiles/CMakeTmp'


    Feature record: C_FEATURE:1c_function_prototypes
    Feature record: C_FEATURE:0c_restrict
    Feature record: C_FEATURE:0c_static_assert
    Feature record: C_FEATURE:0c_variadic_macros
Determining if the CXX compiler works passed with the following output:
Change Dir: /home/yxg/pcl/pcl/keypoints/build/CMakeFiles/CMakeTmp

Run Build Command:"/usr/bin/gmake" "cmTC_043dc/fast"
/usr/bin/gmake -f CMakeFiles/cmTC_043dc.dir/build.make CMakeFiles/cmTC_043dc.dir/build
gmake[1]: Entering directory '/home/yxg/pcl/pcl/keypoints/build/CMakeFiles/CMakeTmp'
Building CXX object CMakeFiles/cmTC_043dc.dir/testCXXCompiler.cxx.o
/usr/bin/c++      -o CMakeFiles/cmTC_043dc.dir/testCXXCompiler.cxx.o -c /home/yxg/pcl/pcl/keypoints/build/CMakeFiles/CMakeTmp/testCXXCompiler.cxx
Linking CXX executable cmTC_043dc
/usr/bin/cmake -E cmake_link_script CMakeFiles/cmTC_043dc.dir/link.txt --verbose=1
/usr/bin/c++        CMakeFiles/cmTC_043dc.dir/testCXXCompiler.cxx.o  -o cmTC_043dc -rdynamic 
gmake[1]: Leaving directory '/home/yxg/pcl/pcl/keypoints/build/CMakeFiles/CMakeTmp'


Detecting CXX compiler ABI info compiled with the following output:
Change Dir: /home/yxg/pcl/pcl/keypoints/build/CMakeFiles/CMakeTmp

Run Build Command:"/usr/bin/gmake" "cmTC_de03a/fast"
/usr/bin/gmake -f CMakeFiles/cmTC_de03a.dir/build.make CMakeFiles/cmTC_de03a.dir/build
gmake[1]: Entering directory '/home/yxg/pcl/pcl/keypoints/build/CMakeFiles/CMakeTmp'
Building CXX object CMakeFiles/cmTC_de03a.dir/CMakeCXXCompilerABI.cpp.o
/usr/bin/c++      -o CMakeFiles/cmTC_de03a.dir/CMakeCXXCompilerABI.cpp.o -c /usr/share/cmake/Modules/CMakeCXXCompilerABI.cpp
Linking CXX executable cmTC_de03a
/usr/bin/cmake -E cmake_link_script CMakeFiles/cmTC_de03a.dir/link.txt --verbose=1
/usr/bin/c++       -v CMakeFiles/cmTC_de03a.dir/CMakeCXXCompilerABI.cpp.o  -o cmTC_de03a -rdynamic  
Using built-in specs.
COLLECT_GCC=/usr/x86_64-pc-linux-gnu/gcc-bin/5.3.0/c++
COLLECT_LTO_WRAPPER=/usr/libexec/gcc/x86_64-pc-linux-gnu/5.3.0/lto-wrapper
Target: x86_64-pc-linux-gnu
Configured with: /var/tmp/portage/sys-devel/gcc-5.3.0/work/gcc-5.3.0/configure --host=x86_64-pc-linux-gnu --build=x86_64-pc-linux-gnu --prefix=/usr --bindir=/usr/x86_64-pc-linux-gnu/gcc-bin/5.3.0 --includedir=/usr/lib/gcc/x86_64-pc-linux-gnu/5.3.0/include --datadir=/usr/share/gcc-data/x86_64-pc-linux-gnu/5.3.0 --mandir=/usr/share/gcc-data/x86_64-pc-linux-gnu/5.3.0/man --infodir=/usr/share/gcc-data/x86_64-pc-linux-gnu/5.3.0/info --with-gxx-include-dir=/usr/lib/gcc/x86_64-pc-linux-gnu/5.3.0/include/g++-v5 --with-python-dir=/share/gcc-data/x86_64-pc-linux-gnu/5.3.0/python --enable-languages=c,c++,fortran --enable-obsolete --enable-secureplt --disable-werror --with-system-zlib --enable-nls --without-included-gettext --enable-checking=release --with-bugurl=https://bugs.gentoo.org/ --with-pkgversion='Gentoo 5.3.0 p1.0, pie-0.6.5' --enable-libstdcxx-time --enable-shared --enable-threads=posix --enable-__cxa_atexit --enable-clocale=gnu --disable-multilib --with-multilib-list=m64 --disable-altivec --disable-fixed-point --enable-targets=all --disable-libgcj --enable-libgomp --disable-libmudflap --disable-libssp --disable-libcilkrts --enable-lto --without-isl --enable-libsanitizer
Thread model: posix
gcc version 5.3.0 (Gentoo 5.3.0 p1.0, pie-0.6.5) 
COMPILER_PATH=/usr/libexec/gcc/x86_64-pc-linux-gnu/5.3.0/:/usr/libexec/gcc/x86_64-pc-linux-gnu/5.3.0/:/usr/libexec/gcc/x86_64-pc-linux-gnu/:/usr/lib/gcc/x86_64-pc-linux-gnu/5.3.0/:/usr/lib/gcc/x86_64-pc-linux-gnu/:/usr/lib/gcc/x86_64-pc-linux-gnu/5.3.0/../../../../x86_64-pc-linux-gnu/bin/
LIBRARY_PATH=/usr/lib/gcc/x86_64-pc-linux-gnu/5.3.0/:/usr/lib/gcc/x86_64-pc-linux-gnu/5.3.0/../../../../lib64/:/lib/../lib64/:/usr/lib/../lib64/:/usr/lib/gcc/x86_64-pc-linux-gnu/5.3.0/../../../../x86_64-pc-linux-gnu/lib/:/usr/lib/gcc/x86_64-pc-linux-gnu/5.3.0/../../../:/lib/:/usr/lib/
COLLECT_GCC_OPTIONS='-v' '-o' 'cmTC_de03a' '-rdynamic' '-shared-libgcc' '-mtune=generic' '-march=x86-64'
 /usr/libexec/gcc/x86_64-pc-linux-gnu/5.3.0/collect2 -plugin /usr/libexec/gcc/x86_64-pc-linux-gnu/5.3.0/liblto_plugin.so -plugin-opt=/usr/libexec/gcc/x86_64-pc-linux-gnu/5.3.0/lto-wrapper -plugin-opt=-fresolution=/tmp/cc6lT25I.res -plugin-opt=-pass-through=-lgcc_s -plugin-opt=-pass-through=-lgcc -plugin-opt=-pass-through=-lc -plugin-opt=-pass-through=-lgcc_s -plugin-opt=-pass-through=-lgcc --eh-frame-hdr -m elf_x86_64 -export-dynamic -dynamic-linker /lib64/ld-linux-x86-64.so.2 -o cmTC_de03a /usr/lib/gcc/x86_64-pc-linux-gnu/5.3.0/../../../../lib64/crt1.o /usr/lib/gcc/x86_64-pc-linux-gnu/5.3.0/../../../../lib64/crti.o /usr/lib/gcc/x86_64-pc-linux-gnu/5.3.0/crtbegin.o -L/usr/lib/gcc/x86_64-pc-linux-gnu/5.3.0 -L/usr/lib/gcc/x86_64-pc-linux-gnu/5.3.0/../../../../lib64 -L/lib/../lib64 -L/usr/lib/../lib64 -L/usr/lib/gcc/x86_64-pc-linux-gnu/5.3.0/../../../../x86_64-pc-linux-gnu/lib -L/usr/lib/gcc/x86_64-pc-linux-gnu/5.3.0/../../.. CMakeFiles/cmTC_de03a.dir/CMakeCXXCompilerABI.cpp.o -lstdc++ -lm -lgcc_s -lgcc -lc -lgcc_s -lgcc /usr/lib/gcc/x86_64-pc-linux-gnu/5.3.0/crtend.o /usr/lib/gcc/x86_64-pc-linux-gnu/5.3.0/../../../../lib64/crtn.o
gmake[1]: Leaving directory '/home/yxg/pcl/pcl/keypoints/build/CMakeFiles/CMakeTmp'


Parsed CXX implicit link information from above output:
  link line regex: [^( *|.*[/\])(ld|([^/\]+-)?ld|collect2)[^/\]*( |$)]
  ignore line: [Change Dir: /home/yxg/pcl/pcl/keypoints/build/CMakeFiles/CMakeTmp]
  ignore line: []
  ignore line: [Run Build Command:"/usr/bin/gmake" "cmTC_de03a/fast"]
  ignore line: [/usr/bin/gmake -f CMakeFiles/cmTC_de03a.dir/build.make CMakeFiles/cmTC_de03a.dir/build]
  ignore line: [gmake[1]: Entering directory '/home/yxg/pcl/pcl/keypoints/build/CMakeFiles/CMakeTmp']
  ignore line: [Building CXX object CMakeFiles/cmTC_de03a.dir/CMakeCXXCompilerABI.cpp.o]
  ignore line: [/usr/bin/c++      -o CMakeFiles/cmTC_de03a.dir/CMakeCXXCompilerABI.cpp.o -c /usr/share/cmake/Modules/CMakeCXXCompilerABI.cpp]
  ignore line: [Linking CXX executable cmTC_de03a]
  ignore line: [/usr/bin/cmake -E cmake_link_script CMakeFiles/cmTC_de03a.dir/link.txt --verbose=1]
  ignore line: [/usr/bin/c++       -v CMakeFiles/cmTC_de03a.dir/CMakeCXXCompilerABI.cpp.o  -o cmTC_de03a -rdynamic  ]
  ignore line: [Using built-in specs.]
  ignore line: [COLLECT_GCC=/usr/x86_64-pc-linux-gnu/gcc-bin/5.3.0/c++]
  ignore line: [COLLECT_LTO_WRAPPER=/usr/libexec/gcc/x86_64-pc-linux-gnu/5.3.0/lto-wrapper]
  ignore line: [Target: x86_64-pc-linux-gnu]
  ignore line: [Configured with: /var/tmp/portage/sys-devel/gcc-5.3.0/work/gcc-5.3.0/configure --host=x86_64-pc-linux-gnu --build=x86_64-pc-linux-gnu --prefix=/usr --bindir=/usr/x86_64-pc-linux-gnu/gcc-bin/5.3.0 --includedir=/usr/lib/gcc/x86_64-pc-linux-gnu/5.3.0/include --datadir=/usr/share/gcc-data/x86_64-pc-linux-gnu/5.3.0 --mandir=/usr/share/gcc-data/x86_64-pc-linux-gnu/5.3.0/man --infodir=/usr/share/gcc-data/x86_64-pc-linux-gnu/5.3.0/info --with-gxx-include-dir=/usr/lib/gcc/x86_64-pc-linux-gnu/5.3.0/include/g++-v5 --with-python-dir=/share/gcc-data/x86_64-pc-linux-gnu/5.3.0/python --enable-languages=c,c++,fortran --enable-obsolete --enable-secureplt --disable-werror --with-system-zlib --enable-nls --without-included-gettext --enable-checking=release --with-bugurl=https://bugs.gentoo.org/ --with-pkgversion='Gentoo 5.3.0 p1.0, pie-0.6.5' --enable-libstdcxx-time --enable-shared --enable-threads=posix --enable-__cxa_atexit --enable-clocale=gnu --disable-multilib --with-multilib-list=m64 --disable-altivec --disable-fixed-point --enable-targets=all --disable-libgcj --enable-libgomp --disable-libmudflap --disable-libssp --disable-libcilkrts --enable-lto --without-isl --enable-libsanitizer]
  ignore line: [Thread model: posix]
  ignore line: [gcc version 5.3.0 (Gentoo 5.3.0 p1.0, pie-0.6.5) ]
  ignore line: [COMPILER_PATH=/usr/libexec/gcc/x86_64-pc-linux-gnu/5.3.0/:/usr/libexec/gcc/x86_64-pc-linux-gnu/5.3.0/:/usr/libexec/gcc/x86_64-pc-linux-gnu/:/usr/lib/gcc/x86_64-pc-linux-gnu/5.3.0/:/usr/lib/gcc/x86_64-pc-linux-gnu/:/usr/lib/gcc/x86_64-pc-linux-gnu/5.3.0/../../../../x86_64-pc-linux-gnu/bin/]
  ignore line: [LIBRARY_PATH=/usr/lib/gcc/x86_64-pc-linux-gnu/5.3.0/:/usr/lib/gcc/x86_64-pc-linux-gnu/5.3.0/../../../../lib64/:/lib/../lib64/:/usr/lib/../lib64/:/usr/lib/gcc/x86_64-pc-linux-gnu/5.3.0/../../../../x86_64-pc-linux-gnu/lib/:/usr/lib/gcc/x86_64-pc-linux-gnu/5.3.0/../../../:/lib/:/usr/lib/]
  ignore line: [COLLECT_GCC_OPTIONS='-v' '-o' 'cmTC_de03a' '-rdynamic' '-shared-libgcc' '-mtune=generic' '-march=x86-64']
  link line: [ /usr/libexec/gcc/x86_64-pc-linux-gnu/5.3.0/collect2 -plugin /usr/libexec/gcc/x86_64-pc-linux-gnu/5.3.0/liblto_plugin.so -plugin-opt=/usr/libexec/gcc/x86_64-pc-linux-gnu/5.3.0/lto-wrapper -plugin-opt=-fresolution=/tmp/cc6lT25I.res -plugin-opt=-pass-through=-lgcc_s -plugin-opt=-pass-through=-lgcc -plugin-opt=-pass-through=-lc -plugin-opt=-pass-through=-lgcc_s -plugin-opt=-pass-through=-lgcc --eh-frame-hdr -m elf_x86_64 -export-dynamic -dynamic-linker /lib64/ld-linux-x86-64.so.2 -o cmTC_de03a /usr/lib/gcc/x86_64-pc-linux-gnu/5.3.0/../../../../lib64/crt1.o /usr/lib/gcc/x86_64-pc-linux-gnu/5.3.0/../../../../lib64/crti.o /usr/lib/gcc/x86_64-pc-linux-gnu/5.3.0/crtbegin.o -L/usr/lib/gcc/x86_64-pc-linux-gnu/5.3.0 -L/usr/lib/gcc/x86_64-pc-linux-gnu/5.3.0/../../../../lib64 -L/lib/../lib64 -L/usr/lib/../lib64 -L/usr/lib/gcc/x86_64-pc-linux-gnu/5.3.0/../../../../x86_64-pc-linux-gnu/lib -L/usr/lib/gcc/x86_64-pc-linux-gnu/5.3.0/../../.. CMakeFiles/cmTC_de03a.dir/CMakeCXXCompilerABI.cpp.o -lstdc++ -lm -lgcc_s -lgcc -lc -lgcc_s -lgcc /usr/lib/gcc/x86_64-pc-linux-gnu/5.3.0/crtend.o /usr/lib/gcc/x86_64-pc-linux-gnu/5.3.0/../../../../lib64/crtn.o]
    arg [/usr/libexec/gcc/x86_64-pc-linux-gnu/5.3.0/collect2] ==> ignore
    arg [-plugin] ==> ignore
    arg [/usr/libexec/gcc/x86_64-pc-linux-gnu/5.3.0/liblto_plugin.so] ==> ignore
    arg [-plugin-opt=/usr/libexec/gcc/x86_64-pc-linux-gnu/5.3.0/lto-wrapper] ==> ignore
    arg [-plugin-opt=-fresolution=/tmp/cc6lT25I.res] ==> ignore
    arg [-plugin-opt=-pass-through=-lgcc_s] ==> ignore
    arg [-plugin-opt=-pass-through=-lgcc] ==> ignore
    arg [-plugin-opt=-pass-through=-lc] ==> ignore
    arg [-plugin-opt=-pass-through=-lgcc_s] ==> ignore
    arg [-plugin-opt=-pass-through=-lgcc] ==> ignore
    arg [--eh-frame-hdr] ==> ignore
    arg [-m] ==> ignore
    arg [elf_x86_64] ==> ignore
    arg [-export-dynamic] ==> ignore
    arg [-dynamic-linker] ==> ignore
    arg [/lib64/ld-linux-x86-64.so.2] ==> ignore
    arg [-o] ==> ignore
    arg [cmTC_de03a] ==> ignore
    arg [/usr/lib/gcc/x86_64-pc-linux-gnu/5.3.0/../../../../lib64/crt1.o] ==> ignore
    arg [/usr/lib/gcc/x86_64-pc-linux-gnu/5.3.0/../../../../lib64/crti.o] ==> ignore
    arg [/usr/lib/gcc/x86_64-pc-linux-gnu/5.3.0/crtbegin.o] ==> ignore
    arg [-L/usr/lib/gcc/x86_64-pc-linux-gnu/5.3.0] ==> dir [/usr/lib/gcc/x86_64-pc-linux-gnu/5.3.0]
    arg [-L/usr/lib/gcc/x86_64-pc-linux-gnu/5.3.0/../../../../lib64] ==> dir [/usr/lib/gcc/x86_64-pc-linux-gnu/5.3.0/../../../../lib64]
    arg [-L/lib/../lib64] ==> dir [/lib/../lib64]
    arg [-L/usr/lib/../lib64] ==> dir [/usr/lib/../lib64]
    arg [-L/usr/lib/gcc/x86_64-pc-linux-gnu/5.3.0/../../../../x86_64-pc-linux-gnu/lib] ==> dir [/usr/lib/gcc/x86_64-pc-linux-gnu/5.3.0/../../../../x86_64-pc-linux-gnu/lib]
    arg [-L/usr/lib/gcc/x86_64-pc-linux-gnu/5.3.0/../../..] ==> dir [/usr/lib/gcc/x86_64-pc-linux-gnu/5.3.0/../../..]
    arg [CMakeFiles/cmTC_de03a.dir/CMakeCXXCompilerABI.cpp.o] ==> ignore
    arg [-lstdc++] ==> lib [stdc++]
    arg [-lm] ==> lib [m]
    arg [-lgcc_s] ==> lib [gcc_s]
    arg [-lgcc] ==> lib [gcc]
    arg [-lc] ==> lib [c]
    arg [-lgcc_s] ==> lib [gcc_s]
    arg [-lgcc] ==> lib [gcc]
    arg [/usr/lib/gcc/x86_64-pc-linux-gnu/5.3.0/crtend.o] ==> ignore
    arg [/usr/lib/gcc/x86_64-pc-linux-gnu/5.3.0/../../../../lib64/crtn.o] ==> ignore
  remove lib [gcc_s]
  remove lib [gcc]
  remove lib [gcc_s]
  remove lib [gcc]
  collapse library dir [/usr/lib/gcc/x86_64-pc-linux-gnu/5.3.0] ==> [/usr/lib/gcc/x86_64-pc-linux-gnu/5.3.0]
  collapse library dir [/usr/lib/gcc/x86_64-pc-linux-gnu/5.3.0/../../../../lib64] ==> [/usr/lib64]
  collapse library dir [/lib/../lib64] ==> [/lib64]
  collapse library dir [/usr/lib/../lib64] ==> [/usr/lib64]
  collapse library dir [/usr/lib/gcc/x86_64-pc-linux-gnu/5.3.0/../../../../x86_64-pc-linux-gnu/lib] ==> [/usr/x86_64-pc-linux-gnu/lib]
  collapse library dir [/usr/lib/gcc/x86_64-pc-linux-gnu/5.3.0/../../..] ==> [/usr/lib]
  implicit libs: [stdc++;m;c]
  implicit dirs: [/usr/lib/gcc/x86_64-pc-linux-gnu/5.3.0;/usr/lib64;/lib64;/usr/x86_64-pc-linux-gnu/lib;/usr/lib]
  implicit fwks: []




Detecting CXX [-std=c++14] compiler features compiled with the following output:
Change Dir: /home/yxg/pcl/pcl/keypoints/build/CMakeFiles/CMakeTmp

Run Build Command:"/usr/bin/gmake" "cmTC_8db82/fast"
/usr/bin/gmake -f CMakeFiles/cmTC_8db82.dir/build.make CMakeFiles/cmTC_8db82.dir/build
gmake[1]: Entering directory '/home/yxg/pcl/pcl/keypoints/build/CMakeFiles/CMakeTmp'
Building CXX object CMakeFiles/cmTC_8db82.dir/feature_tests.cxx.o
/usr/bin/c++     -std=c++14 -o CMakeFiles/cmTC_8db82.dir/feature_tests.cxx.o -c /home/yxg/pcl/pcl/keypoints/build/CMakeFiles/feature_tests.cxx
Linking CXX executable cmTC_8db82
/usr/bin/cmake -E cmake_link_script CMakeFiles/cmTC_8db82.dir/link.txt --verbose=1
/usr/bin/c++        CMakeFiles/cmTC_8db82.dir/feature_tests.cxx.o  -o cmTC_8db82 -rdynamic 
gmake[1]: Leaving directory '/home/yxg/pcl/pcl/keypoints/build/CMakeFiles/CMakeTmp'


    Feature record: CXX_FEATURE:1cxx_aggregate_default_initializers
    Feature record: CXX_FEATURE:1cxx_alias_templates
    Feature record: CXX_FEATURE:1cxx_alignas
    Feature record: CXX_FEATURE:1cxx_alignof
    Feature record: CXX_FEATURE:1cxx_attributes
    Feature record: CXX_FEATURE:1cxx_attribute_deprecated
    Feature record: CXX_FEATURE:1cxx_auto_type
    Feature record: CXX_FEATURE:1cxx_binary_literals
    Feature record: CXX_FEATURE:1cxx_constexpr
    Feature record: CXX_FEATURE:1cxx_contextual_conversions
    Feature record: CXX_FEATURE:1cxx_decltype
    Feature record: CXX_FEATURE:1cxx_decltype_auto
    Feature record: CXX_FEATURE:1cxx_decltype_incomplete_return_types
    Feature record: CXX_FEATURE:1cxx_default_function_template_args
    Feature record: CXX_FEATURE:1cxx_defaulted_functions
    Feature record: CXX_FEATURE:1cxx_defaulted_move_initializers
    Feature record: CXX_FEATURE:1cxx_delegating_constructors
    Feature record: CXX_FEATURE:1cxx_deleted_functions
    Feature record: CXX_FEATURE:1cxx_digit_separators
    Feature record: CXX_FEATURE:1cxx_enum_forward_declarations
    Feature record: CXX_FEATURE:1cxx_explicit_conversions
    Feature record: CXX_FEATURE:1cxx_extended_friend_declarations
    Feature record: CXX_FEATURE:1cxx_extern_templates
    Feature record: CXX_FEATURE:1cxx_final
    Feature record: CXX_FEATURE:1cxx_func_identifier
    Feature record: CXX_FEATURE:1cxx_generalized_initializers
    Feature record: CXX_FEATURE:1cxx_generic_lambdas
    Feature record: CXX_FEATURE:1cxx_inheriting_constructors
    Feature record: CXX_FEATURE:1cxx_inline_namespaces
    Feature record: CXX_FEATURE:1cxx_lambdas
    Feature record: CXX_FEATURE:1cxx_lambda_init_captures
    Feature record: CXX_FEATURE:1cxx_local_type_template_args
    Feature record: CXX_FEATURE:1cxx_long_long_type
    Feature record: CXX_FEATURE:1cxx_noexcept
    Feature record: CXX_FEATURE:1cxx_nonstatic_member_init
    Feature record: CXX_FEATURE:1cxx_nullptr
    Feature record: CXX_FEATURE:1cxx_override
    Feature record: CXX_FEATURE:1cxx_range_for
    Feature record: CXX_FEATURE:1cxx_raw_string_literals
    Feature record: CXX_FEATURE:1cxx_reference_qualified_functions
    Feature record: CXX_FEATURE:1cxx_relaxed_constexpr
    Feature record: CXX_FEATURE:1cxx_return_type_deduction
    Feature record: CXX_FEATURE:1cxx_right_angle_brackets
    Feature record: CXX_FEATURE:1cxx_rvalue_references
    Feature record: CXX_FEATURE:1cxx_sizeof_member
    Feature record: CXX_FEATURE:1cxx_static_assert
    Feature record: CXX_FEATURE:1cxx_strong_enums
    Feature record: CXX_FEATURE:1cxx_template_template_parameters
    Feature record: CXX_FEATURE:1cxx_thread_local
    Feature record: CXX_FEATURE:1cxx_trailing_return_types
    Feature record: CXX_FEATURE:1cxx_unicode_literals
    Feature record: CXX_FEATURE:1cxx_uniform_initialization
    Feature record: CXX_FEATURE:1cxx_unrestricted_unions
    Feature record: CXX_FEATURE:1cxx_user_literals
    Feature record: CXX_FEATURE:1cxx_variable_templates
    Feature record: CXX_FEATURE:1cxx_variadic_macros
    Feature record: CXX_FEATURE:1cxx_variadic_templates


Detecting CXX [-std=c++11] compiler features compiled with the following output:
Change Dir: /home/yxg/pcl/pcl/keypoints/build/CMakeFiles/CMakeTmp

Run Build Command:"/usr/bin/gmake" "cmTC_2c8cd/fast"
/usr/bin/gmake -f CMakeFiles/cmTC_2c8cd.dir/build.make CMakeFiles/cmTC_2c8cd.dir/build
gmake[1]: Entering directory '/home/yxg/pcl/pcl/keypoints/build/CMakeFiles/CMakeTmp'
Building CXX object CMakeFiles/cmTC_2c8cd.dir/feature_tests.cxx.o
/usr/bin/c++     -std=c++11 -o CMakeFiles/cmTC_2c8cd.dir/feature_tests.cxx.o -c /home/yxg/pcl/pcl/keypoints/build/CMakeFiles/feature_tests.cxx
Linking CXX executable cmTC_2c8cd
/usr/bin/cmake -E cmake_link_script CMakeFiles/cmTC_2c8cd.dir/link.txt --verbose=1
/usr/bin/c++        CMakeFiles/cmTC_2c8cd.dir/feature_tests.cxx.o  -o cmTC_2c8cd -rdynamic 
gmake[1]: Leaving directory '/home/yxg/pcl/pcl/keypoints/build/CMakeFiles/CMakeTmp'


    Feature record: CXX_FEATURE:0cxx_aggregate_default_initializers
    Feature record: CXX_FEATURE:1cxx_alias_templates
    Feature record: CXX_FEATURE:1cxx_alignas
    Feature record: CXX_FEATURE:1cxx_alignof
    Feature record: CXX_FEATURE:1cxx_attributes
    Feature record: CXX_FEATURE:0cxx_attribute_deprecated
    Feature record: CXX_FEATURE:1cxx_auto_type
    Feature record: CXX_FEATURE:0cxx_binary_literals
    Feature record: CXX_FEATURE:1cxx_constexpr
    Feature record: CXX_FEATURE:0cxx_contextual_conversions
    Feature record: CXX_FEATURE:1cxx_decltype
    Feature record: CXX_FEATURE:0cxx_decltype_auto
    Feature record: CXX_FEATURE:1cxx_decltype_incomplete_return_types
    Feature record: CXX_FEATURE:1cxx_default_function_template_args
    Feature record: CXX_FEATURE:1cxx_defaulted_functions
    Feature record: CXX_FEATURE:1cxx_defaulted_move_initializers
    Feature record: CXX_FEATURE:1cxx_delegating_constructors
    Feature record: CXX_FEATURE:1cxx_deleted_functions
    Feature record: CXX_FEATURE:0cxx_digit_separators
    Feature record: CXX_FEATURE:1cxx_enum_forward_declarations
    Feature record: CXX_FEATURE:1cxx_explicit_conversions
    Feature record: CXX_FEATURE:1cxx_extended_friend_declarations
    Feature record: CXX_FEATURE:1cxx_extern_templates
    Feature record: CXX_FEATURE:1cxx_final
    Feature record: CXX_FEATURE:1cxx_func_identifier
    Feature record: CXX_FEATURE:1cxx_generalized_initializers
    Feature record: CXX_FEATURE:0cxx_generic_lambdas
    Feature record: CXX_FEATURE:1cxx_inheriting_constructors
    Feature record: CXX_FEATURE:1cxx_inline_namespaces
    Feature record: CXX_FEATURE:1cxx_lambdas
    Feature record: CXX_FEATURE:0cxx_lambda_init_captures
    Feature record: CXX_FEATURE:1cxx_local_type_template_args
    Feature record: CXX_FEATURE:1cxx_long_long_type
    Feature record: CXX_FEATURE:1cxx_noexcept
    Feature record: CXX_FEATURE:1cxx_nonstatic_member_init
    Feature record: CXX_FEATURE:1cxx_nullptr
    Feature record: CXX_FEATURE:1cxx_override
    Feature record: CXX_FEATURE:1cxx_range_for
    Feature record: CXX_FEATURE:1cxx_raw_string_literals
    Feature record: CXX_FEATURE:1cxx_reference_qualified_functions
    Feature record: CXX_FEATURE:0cxx_relaxed_constexpr
    Feature record: CXX_FEATURE:0cxx_return_type_deduction
    Feature record: CXX_FEATURE:1cxx_right_angle_brackets
    Feature record: CXX_FEATURE:1cxx_rvalue_references
    Feature record: CXX_FEATURE:1cxx_sizeof_member
    Feature record: CXX_FEATURE:1cxx_static_assert
    Feature record: CXX_FEATURE:1cxx_strong_enums
    Feature record: CXX_FEATURE:1cxx_template_template_parameters
    Feature record: CXX_FEATURE:1cxx_thread_local
    Feature record: CXX_FEATURE:1cxx_trailing_return_types
    Feature record: CXX_FEATURE:1cxx_unicode_literals
    Feature record: CXX_FEATURE:1cxx_uniform_initialization
    Feature record: CXX_FEATURE:1cxx_unrestricted_unions
    Feature record: CXX_FEATURE:1cxx_user_literals
    Feature record: CXX_FEATURE:0cxx_variable_templates
    Feature record: CXX_FEATURE:1cxx_variadic_macros
    Feature record: CXX_FEATURE:1cxx_variadic_templates


Detecting CXX [-std=c++98] compiler features compiled with the following output:
Change Dir: /home/yxg/pcl/pcl/keypoints/build/CMakeFiles/CMakeTmp

Run Build Command:"/usr/bin/gmake" "cmTC_1875d/fast"
/usr/bin/gmake -f CMakeFiles/cmTC_1875d.dir/build.make CMakeFiles/cmTC_1875d.dir/build
gmake[1]: Entering directory '/home/yxg/pcl/pcl/keypoints/build/CMakeFiles/CMakeTmp'
Building CXX object CMakeFiles/cmTC_1875d.dir/feature_tests.cxx.o
/usr/bin/c++     -std=c++98 -o CMakeFiles/cmTC_1875d.dir/feature_tests.cxx.o -c /home/yxg/pcl/pcl/keypoints/build/CMakeFiles/feature_tests.cxx
Linking CXX executable cmTC_1875d
/usr/bin/cmake -E cmake_link_script CMakeFiles/cmTC_1875d.dir/link.txt --verbose=1
/usr/bin/c++        CMakeFiles/cmTC_1875d.dir/feature_tests.cxx.o  -o cmTC_1875d -rdynamic 
gmake[1]: Leaving directory '/home/yxg/pcl/pcl/keypoints/build/CMakeFiles/CMakeTmp'


    Feature record: CXX_FEATURE:0cxx_aggregate_default_initializers
    Feature record: CXX_FEATURE:0cxx_alias_templates
    Feature record: CXX_FEATURE:0cxx_alignas
    Feature record: CXX_FEATURE:0cxx_alignof
    Feature record: CXX_FEATURE:0cxx_attributes
    Feature record: CXX_FEATURE:0cxx_attribute_deprecated
    Feature record: CXX_FEATURE:0cxx_auto_type
    Feature record: CXX_FEATURE:0cxx_binary_literals
    Feature record: CXX_FEATURE:0cxx_constexpr
    Feature record: CXX_FEATURE:0cxx_contextual_conversions
    Feature record: CXX_FEATURE:0cxx_decltype
    Feature record: CXX_FEATURE:0cxx_decltype_auto
    Feature record: CXX_FEATURE:0cxx_decltype_incomplete_return_types
    Feature record: CXX_FEATURE:0cxx_default_function_template_args
    Feature record: CXX_FEATURE:0cxx_defaulted_functions
    Feature record: CXX_FEATURE:0cxx_defaulted_move_initializers
    Feature record: CXX_FEATURE:0cxx_delegating_constructors
    Feature record: CXX_FEATURE:0cxx_deleted_functions
    Feature record: CXX_FEATURE:0cxx_digit_separators
    Feature record: CXX_FEATURE:0cxx_enum_forward_declarations
    Feature record: CXX_FEATURE:0cxx_explicit_conversions
    Feature record: CXX_FEATURE:0cxx_extended_friend_declarations
    Feature record: CXX_FEATURE:0cxx_extern_templates
    Feature record: CXX_FEATURE:0cxx_final
    Feature record: CXX_FEATURE:0cxx_func_identifier
    Feature record: CXX_FEATURE:0cxx_generalized_initializers
    Feature record: CXX_FEATURE:0cxx_generic_lambdas
    Feature record: CXX_FEATURE:0cxx_inheriting_constructors
    Feature record: CXX_FEATURE:0cxx_inline_namespaces
    Feature record: CXX_FEATURE:0cxx_lambdas
    Feature record: CXX_FEATURE:0cxx_lambda_init_captures
    Feature record: CXX_FEATURE:0cxx_local_type_template_args
    Feature record: CXX_FEATURE:0cxx_long_long_type
    Feature record: CXX_FEATURE:0cxx_noexcept
    Feature record: CXX_FEATURE:0cxx_nonstatic_member_init
    Feature record: CXX_FEATURE:0cxx_nullptr
    Feature record: CXX_FEATURE:0cxx_override
    Feature record: CXX_FEATURE:0cxx_range_for
    Feature record: CXX_FEATURE:0cxx_raw_string_literals
    Feature record: CXX_FEATURE:0cxx_reference_qualified_functions
    Feature record: CXX_FEATURE:0cxx_relaxed_constexpr
    Feature record: CXX_FEATURE:0cxx_return_type_deduction
    Feature record: CXX_FEATURE:0cxx_right_angle_brackets
    Feature record: CXX_FEATURE:0cxx_rvalue_references
    Feature record: CXX_FEATURE:0cxx_sizeof_member
    Feature record: CXX_FEATURE:0cxx_static_assert
    Feature record: CXX_FEATURE:0cxx_strong_enums
    Feature record: CXX_FEATURE:1cxx_template_template_parameters
    Feature record: CXX_FEATURE:0cxx_thread_local
    Feature record: CXX_FEATURE:0cxx_trailing_return_types
    Feature record: CXX_FEATURE:0cxx_unicode_literals
    Feature record: CXX_FEATURE:0cxx_uniform_initialization
    Feature record: CXX_FEATURE:0cxx_unrestricted_unions
    Feature record: CXX_FEATURE:0cxx_user_literals
    Feature record: CXX_FEATURE:0cxx_variable_templates
    Feature record: CXX_FEATURE:0cxx_variadic_macros
    Feature record: CXX_FEATURE:0cxx_variadic_templates
Determining if the include file pthread.h exists passed with the following output:
Change Dir: /home/yxg/pcl/pcl/keypoints/build/CMakeFiles/CMakeTmp

Run Build Command:"/usr/bin/gmake" "cmTC_40477/fast"
/usr/bin/gmake -f CMakeFiles/cmTC_40477.dir/build.make CMakeFiles/cmTC_40477.dir/build
gmake[1]: Entering directory '/home/yxg/pcl/pcl/keypoints/build/CMakeFiles/CMakeTmp'
Building C object CMakeFiles/cmTC_40477.dir/CheckIncludeFile.c.o
/usr/bin/cc     -o CMakeFiles/cmTC_40477.dir/CheckIncludeFile.c.o   -c /home/yxg/pcl/pcl/keypoints/build/CMakeFiles/CMakeTmp/CheckIncludeFile.c
Linking C executable cmTC_40477
/usr/bin/cmake -E cmake_link_script CMakeFiles/cmTC_40477.dir/link.txt --verbose=1
/usr/bin/cc       CMakeFiles/cmTC_40477.dir/CheckIncludeFile.c.o  -o cmTC_40477 -rdynamic 
gmake[1]: Leaving directory '/home/yxg/pcl/pcl/keypoints/build/CMakeFiles/CMakeTmp'


Determining if the function pthread_create exists in the pthread passed with the following output:
Change Dir: /home/yxg/pcl/pcl/keypoints/build/CMakeFiles/CMakeTmp

Run Build Command:"/usr/bin/gmake" "cmTC_48bbb/fast"
/usr/bin/gmake -f CMakeFiles/cmTC_48bbb.dir/build.make CMakeFiles/cmTC_48bbb.dir/build
gmake[1]: Entering directory '/home/yxg/pcl/pcl/keypoints/build/CMakeFiles/CMakeTmp'
Building C object CMakeFiles/cmTC_48bbb.dir/CheckFunctionExists.c.o
/usr/bin/cc    -DCHECK_FUNCTION_EXISTS=pthread_create   -o CMakeFiles/cmTC_48bbb.dir/CheckFunctionExists.c.o   -c /usr/share/cmake/Modules/CheckFunctionExists.c
Linking C executable cmTC_48bbb
/usr/bin/cmake -E cmake_link_script CMakeFiles/cmTC_48bbb.dir/link.txt --verbose=1
/usr/bin/cc   -DCHECK_FUNCTION_EXISTS=pthread_create    CMakeFiles/cmTC_48bbb.dir/CheckFunctionExists.c.o  -o cmTC_48bbb -rdynamic -lpthread 
gmake[1]: Leaving directory '/home/yxg/pcl/pcl/keypoints/build/CMakeFiles/CMakeTmp'


