Determining if the pthread_create exist failed with the following output:
Change Dir: /home/yxg/pcl/pcl/b-spline/build/CMakeFiles/CMakeTmp

Run Build Command:"/usr/bin/gmake" "cmTC_086b1/fast"
/usr/bin/gmake -f CMakeFiles/cmTC_086b1.dir/build.make CMakeFiles/cmTC_086b1.dir/build
gmake[1]: Entering directory '/home/yxg/pcl/pcl/b-spline/build/CMakeFiles/CMakeTmp'
Building C object CMakeFiles/cmTC_086b1.dir/CheckSymbolExists.c.o
/usr/bin/cc     -o CMakeFiles/cmTC_086b1.dir/CheckSymbolExists.c.o   -c /home/yxg/pcl/pcl/b-spline/build/CMakeFiles/CMakeTmp/CheckSymbolExists.c
Linking C executable cmTC_086b1
/usr/bin/cmake -E cmake_link_script CMakeFiles/cmTC_086b1.dir/link.txt --verbose=1
/usr/bin/cc       CMakeFiles/cmTC_086b1.dir/CheckSymbolExists.c.o  -o cmTC_086b1 -rdynamic 
CMakeFiles/cmTC_086b1.dir/CheckSymbolExists.c.o: In function `main':
CheckSymbolExists.c:(.text+0x16): undefined reference to `pthread_create'
collect2: error: ld returned 1 exit status
gmake[1]: *** [CMakeFiles/cmTC_086b1.dir/build.make:98: cmTC_086b1] Error 1
gmake[1]: Leaving directory '/home/yxg/pcl/pcl/b-spline/build/CMakeFiles/CMakeTmp'
gmake: *** [Makefile:126: cmTC_086b1/fast] Error 2

File /home/yxg/pcl/pcl/b-spline/build/CMakeFiles/CMakeTmp/CheckSymbolExists.c:
/* */
#include <pthread.h>

int main(int argc, char** argv)
{
  (void)argv;
#ifndef pthread_create
  return ((int*)(&pthread_create))[argc];
#else
  (void)argc;
  return 0;
#endif
}

Determining if the function pthread_create exists in the pthreads failed with the following output:
Change Dir: /home/yxg/pcl/pcl/b-spline/build/CMakeFiles/CMakeTmp

Run Build Command:"/usr/bin/gmake" "cmTC_c0d45/fast"
/usr/bin/gmake -f CMakeFiles/cmTC_c0d45.dir/build.make CMakeFiles/cmTC_c0d45.dir/build
gmake[1]: Entering directory '/home/yxg/pcl/pcl/b-spline/build/CMakeFiles/CMakeTmp'
Building C object CMakeFiles/cmTC_c0d45.dir/CheckFunctionExists.c.o
/usr/bin/cc    -DCHECK_FUNCTION_EXISTS=pthread_create   -o CMakeFiles/cmTC_c0d45.dir/CheckFunctionExists.c.o   -c /usr/share/cmake/Modules/CheckFunctionExists.c
Linking C executable cmTC_c0d45
/usr/bin/cmake -E cmake_link_script CMakeFiles/cmTC_c0d45.dir/link.txt --verbose=1
/usr/bin/cc   -DCHECK_FUNCTION_EXISTS=pthread_create    CMakeFiles/cmTC_c0d45.dir/CheckFunctionExists.c.o  -o cmTC_c0d45 -rdynamic -lpthreads 
/usr/lib/gcc/x86_64-pc-linux-gnu/5.3.0/../../../../x86_64-pc-linux-gnu/bin/ld: cannot find -lpthreads
collect2: error: ld returned 1 exit status
gmake[1]: *** [CMakeFiles/cmTC_c0d45.dir/build.make:98: cmTC_c0d45] Error 1
gmake[1]: Leaving directory '/home/yxg/pcl/pcl/b-spline/build/CMakeFiles/CMakeTmp'
gmake: *** [Makefile:126: cmTC_c0d45/fast] Error 2


Determining if the pthread_create exist failed with the following output:
Change Dir: /home/yxg/PCL/pcl/b-spline/build/CMakeFiles/CMakeTmp

Run Build Command:"/usr/bin/make" "cmTC_a5972/fast"
/usr/bin/make -f CMakeFiles/cmTC_a5972.dir/build.make CMakeFiles/cmTC_a5972.dir/build
make[1]: Entering directory '/home/yxg/PCL/pcl/b-spline/build/CMakeFiles/CMakeTmp'
Building C object CMakeFiles/cmTC_a5972.dir/CheckSymbolExists.c.o
/usr/bin/cc     -o CMakeFiles/cmTC_a5972.dir/CheckSymbolExists.c.o   -c /home/yxg/PCL/pcl/b-spline/build/CMakeFiles/CMakeTmp/CheckSymbolExists.c
Linking C executable cmTC_a5972
/usr/bin/cmake -E cmake_link_script CMakeFiles/cmTC_a5972.dir/link.txt --verbose=1
/usr/bin/cc       CMakeFiles/cmTC_a5972.dir/CheckSymbolExists.c.o  -o cmTC_a5972 -rdynamic 
CMakeFiles/cmTC_a5972.dir/CheckSymbolExists.c.o: In function `main':
CheckSymbolExists.c:(.text+0x16): undefined reference to `pthread_create'
collect2: error: ld returned 1 exit status
CMakeFiles/cmTC_a5972.dir/build.make:97: recipe for target 'cmTC_a5972' failed
make[1]: *** [cmTC_a5972] Error 1
make[1]: Leaving directory '/home/yxg/PCL/pcl/b-spline/build/CMakeFiles/CMakeTmp'
Makefile:126: recipe for target 'cmTC_a5972/fast' failed
make: *** [cmTC_a5972/fast] Error 2

File /home/yxg/PCL/pcl/b-spline/build/CMakeFiles/CMakeTmp/CheckSymbolExists.c:
/* */
#include <pthread.h>

int main(int argc, char** argv)
{
  (void)argv;
#ifndef pthread_create
  return ((int*)(&pthread_create))[argc];
#else
  (void)argc;
  return 0;
#endif
}

Determining if the function pthread_create exists in the pthreads failed with the following output:
Change Dir: /home/yxg/PCL/pcl/b-spline/build/CMakeFiles/CMakeTmp

Run Build Command:"/usr/bin/make" "cmTC_477e5/fast"
/usr/bin/make -f CMakeFiles/cmTC_477e5.dir/build.make CMakeFiles/cmTC_477e5.dir/build
make[1]: Entering directory '/home/yxg/PCL/pcl/b-spline/build/CMakeFiles/CMakeTmp'
Building C object CMakeFiles/cmTC_477e5.dir/CheckFunctionExists.c.o
/usr/bin/cc    -DCHECK_FUNCTION_EXISTS=pthread_create   -o CMakeFiles/cmTC_477e5.dir/CheckFunctionExists.c.o   -c /usr/share/cmake-3.5/Modules/CheckFunctionExists.c
Linking C executable cmTC_477e5
/usr/bin/cmake -E cmake_link_script CMakeFiles/cmTC_477e5.dir/link.txt --verbose=1
/usr/bin/cc   -DCHECK_FUNCTION_EXISTS=pthread_create    CMakeFiles/cmTC_477e5.dir/CheckFunctionExists.c.o  -o cmTC_477e5 -rdynamic -lpthreads 
/usr/bin/ld: cannot find -lpthreads
collect2: error: ld returned 1 exit status
CMakeFiles/cmTC_477e5.dir/build.make:97: recipe for target 'cmTC_477e5' failed
make[1]: *** [cmTC_477e5] Error 1
make[1]: Leaving directory '/home/yxg/PCL/pcl/b-spline/build/CMakeFiles/CMakeTmp'
Makefile:126: recipe for target 'cmTC_477e5/fast' failed
make: *** [cmTC_477e5/fast] Error 2


