Determining if the pthread_create exist failed with the following output:
Change Dir: /home/yxg/pcl/pcl/align-prerejective/build/CMakeFiles/CMakeTmp

Run Build Command:"/usr/bin/gmake" "cmTC_037c3/fast"
/usr/bin/gmake -f CMakeFiles/cmTC_037c3.dir/build.make CMakeFiles/cmTC_037c3.dir/build
gmake[1]: Entering directory '/home/yxg/pcl/pcl/align-prerejective/build/CMakeFiles/CMakeTmp'
Building C object CMakeFiles/cmTC_037c3.dir/CheckSymbolExists.c.o
/usr/bin/cc     -o CMakeFiles/cmTC_037c3.dir/CheckSymbolExists.c.o   -c /home/yxg/pcl/pcl/align-prerejective/build/CMakeFiles/CMakeTmp/CheckSymbolExists.c
Linking C executable cmTC_037c3
/usr/bin/cmake -E cmake_link_script CMakeFiles/cmTC_037c3.dir/link.txt --verbose=1
/usr/bin/cc       CMakeFiles/cmTC_037c3.dir/CheckSymbolExists.c.o  -o cmTC_037c3 -rdynamic 
CMakeFiles/cmTC_037c3.dir/CheckSymbolExists.c.o: In function `main':
CheckSymbolExists.c:(.text+0x16): undefined reference to `pthread_create'
collect2: error: ld returned 1 exit status
gmake[1]: *** [CMakeFiles/cmTC_037c3.dir/build.make:98: cmTC_037c3] Error 1
gmake[1]: Leaving directory '/home/yxg/pcl/pcl/align-prerejective/build/CMakeFiles/CMakeTmp'
gmake: *** [Makefile:126: cmTC_037c3/fast] Error 2

File /home/yxg/pcl/pcl/align-prerejective/build/CMakeFiles/CMakeTmp/CheckSymbolExists.c:
/* */
#include <pthread.h>

int main(int argc, char** argv)
{
  (void)argv;
#ifndef pthread_create
  return ((int*)(&pthread_create))[argc];
#else
  (void)argc;
  return 0;
#endif
}

Determining if the function pthread_create exists in the pthreads failed with the following output:
Change Dir: /home/yxg/pcl/pcl/align-prerejective/build/CMakeFiles/CMakeTmp

Run Build Command:"/usr/bin/gmake" "cmTC_94678/fast"
/usr/bin/gmake -f CMakeFiles/cmTC_94678.dir/build.make CMakeFiles/cmTC_94678.dir/build
gmake[1]: Entering directory '/home/yxg/pcl/pcl/align-prerejective/build/CMakeFiles/CMakeTmp'
Building C object CMakeFiles/cmTC_94678.dir/CheckFunctionExists.c.o
/usr/bin/cc    -DCHECK_FUNCTION_EXISTS=pthread_create   -o CMakeFiles/cmTC_94678.dir/CheckFunctionExists.c.o   -c /usr/share/cmake/Modules/CheckFunctionExists.c
Linking C executable cmTC_94678
/usr/bin/cmake -E cmake_link_script CMakeFiles/cmTC_94678.dir/link.txt --verbose=1
/usr/bin/cc   -DCHECK_FUNCTION_EXISTS=pthread_create    CMakeFiles/cmTC_94678.dir/CheckFunctionExists.c.o  -o cmTC_94678 -rdynamic -lpthreads 
/usr/lib/gcc/x86_64-pc-linux-gnu/5.3.0/../../../../x86_64-pc-linux-gnu/bin/ld: cannot find -lpthreads
collect2: error: ld returned 1 exit status
gmake[1]: *** [CMakeFiles/cmTC_94678.dir/build.make:98: cmTC_94678] Error 1
gmake[1]: Leaving directory '/home/yxg/pcl/pcl/align-prerejective/build/CMakeFiles/CMakeTmp'
gmake: *** [Makefile:126: cmTC_94678/fast] Error 2


