The system is: Linux - 4.5.0-gentoo - x86_64
Compiling the C compiler identification source file "CMakeCCompilerId.c" succeeded.
Compiler: /usr/bin/cc 
Build flags: 
Id flags: 

The output was:
0


Compilation of the C compiler identification source "CMakeCCompilerId.c" produced "a.out"

The C compiler identification is GNU, found in "/home/yxg/pcl/pcl/normal-estmation-visualization/build/CMakeFiles/3.6.1/CompilerIdC/a.out"

Compiling the CXX compiler identification source file "CMakeCXXCompilerId.cpp" succeeded.
Compiler: /usr/bin/c++ 
Build flags: 
Id flags: 

The output was:
0


Compilation of the CXX compiler identification source "CMakeCXXCompilerId.cpp" produced "a.out"

The CXX compiler identification is GNU, found in "/home/yxg/pcl/pcl/normal-estmation-visualization/build/CMakeFiles/3.6.1/CompilerIdCXX/a.out"

Determining if the C compiler works passed with the following output:
Change Dir: /home/yxg/pcl/pcl/normal-estmation-visualization/build/CMakeFiles/CMakeTmp

Run Build Command:"/usr/bin/gmake" "cmTC_46e8b/fast"
/usr/bin/gmake -f CMakeFiles/cmTC_46e8b.dir/build.make CMakeFiles/cmTC_46e8b.dir/build
gmake[1]: Entering directory '/home/yxg/pcl/pcl/normal-estmation-visualization/build/CMakeFiles/CMakeTmp'
Building C object CMakeFiles/cmTC_46e8b.dir/testCCompiler.c.o
/usr/bin/cc     -o CMakeFiles/cmTC_46e8b.dir/testCCompiler.c.o   -c /home/yxg/pcl/pcl/normal-estmation-visualization/build/CMakeFiles/CMakeTmp/testCCompiler.c
Linking C executable cmTC_46e8b
/usr/bin/cmake -E cmake_link_script CMakeFiles/cmTC_46e8b.dir/link.txt --verbose=1
/usr/bin/cc       CMakeFiles/cmTC_46e8b.dir/testCCompiler.c.o  -o cmTC_46e8b -rdynamic 
gmake[1]: Leaving directory '/home/yxg/pcl/pcl/normal-estmation-visualization/build/CMakeFiles/CMakeTmp'


Detecting C compiler ABI info compiled with the following output:
Change Dir: /home/yxg/pcl/pcl/normal-estmation-visualization/build/CMakeFiles/CMakeTmp

Run Build Command:"/usr/bin/gmake" "cmTC_ab264/fast"
/usr/bin/gmake -f CMakeFiles/cmTC_ab264.dir/build.make CMakeFiles/cmTC_ab264.dir/build
gmake[1]: Entering directory '/home/yxg/pcl/pcl/normal-estmation-visualization/build/CMakeFiles/CMakeTmp'
Building C object CMakeFiles/cmTC_ab264.dir/CMakeCCompilerABI.c.o
/usr/bin/cc     -o CMakeFiles/cmTC_ab264.dir/CMakeCCompilerABI.c.o   -c /usr/share/cmake/Modules/CMakeCCompilerABI.c
Linking C executable cmTC_ab264
/usr/bin/cmake -E cmake_link_script CMakeFiles/cmTC_ab264.dir/link.txt --verbose=1
/usr/bin/cc      -v CMakeFiles/cmTC_ab264.dir/CMakeCCompilerABI.c.o  -o cmTC_ab264 -rdynamic  
Using built-in specs.
COLLECT_GCC=/usr/x86_64-pc-linux-gnu/gcc-bin/5.3.0/gcc
COLLECT_LTO_WRAPPER=/usr/libexec/gcc/x86_64-pc-linux-gnu/5.3.0/lto-wrapper
Target: x86_64-pc-linux-gnu
Configured with: /var/tmp/portage/sys-devel/gcc-5.3.0/work/gcc-5.3.0/configure --host=x86_64-pc-linux-gnu --build=x86_64-pc-linux-gnu --prefix=/usr --bindir=/usr/x86_64-pc-linux-gnu/gcc-bin/5.3.0 --includedir=/usr/lib/gcc/x86_64-pc-linux-gnu/5.3.0/include --datadir=/usr/share/gcc-data/x86_64-pc-linux-gnu/5.3.0 --mandir=/usr/share/gcc-data/x86_64-pc-linux-gnu/5.3.0/man --infodir=/usr/share/gcc-data/x86_64-pc-linux-gnu/5.3.0/info --with-gxx-include-dir=/usr/lib/gcc/x86_64-pc-linux-gnu/5.3.0/include/g++-v5 --with-python-dir=/share/gcc-data/x86_64-pc-linux-gnu/5.3.0/python --enable-languages=c,c++,fortran --enable-obsolete --enable-secureplt --disable-werror --with-system-zlib --enable-nls --without-included-gettext --enable-checking=release --with-bugurl=https://bugs.gentoo.org/ --with-pkgversion='Gentoo 5.3.0 p1.0, pie-0.6.5' --enable-libstdcxx-time --enable-shared --enable-threads=posix --enable-__cxa_atexit --enable-clocale=gnu --disable-multilib --with-multilib-list=m64 --disable-altivec --disable-fixed-point --enable-targets=all --disable-libgcj --enable-libgomp --disable-libmudflap --disable-libssp --disable-libcilkrts --enable-lto --without-isl --enable-libsanitizer
Thread model: posix
gcc version 5.3.0 (Gentoo 5.3.0 p1.0, pie-0.6.5) 
COMPILER_PATH=/usr/libexec/gcc/x86_64-pc-linux-gnu/5.3.0/:/usr/libexec/gcc/x86_64-pc-linux-gnu/5.3.0/:/usr/libexec/gcc/x86_64-pc-linux-gnu/:/usr/lib/gcc/x86_64-pc-linux-gnu/5.3.0/:/usr/lib/gcc/x86_64-pc-linux-gnu/:/usr/lib/gcc/x86_64-pc-linux-gnu/5.3.0/../../../../x86_64-pc-linux-gnu/bin/
LIBRARY_PATH=/usr/lib/gcc/x86_64-pc-linux-gnu/5.3.0/:/usr/lib/gcc/x86_64-pc-linux-gnu/5.3.0/../../../../lib64/:/lib/../lib64/:/usr/lib/../lib64/:/usr/lib/gcc/x86_64-pc-linux-gnu/5.3.0/../../../../x86_64-pc-linux-gnu/lib/:/usr/lib/gcc/x86_64-pc-linux-gnu/5.3.0/../../../:/lib/:/usr/lib/
COLLECT_GCC_OPTIONS='-v' '-o' 'cmTC_ab264' '-rdynamic' '-mtune=generic' '-march=x86-64'
 /usr/libexec/gcc/x86_64-pc-linux-gnu/5.3.0/collect2 -plugin /usr/libexec/gcc/x86_64-pc-linux-gnu/5.3.0/liblto_plugin.so -plugin-opt=/usr/libexec/gcc/x86_64-pc-linux-gnu/5.3.0/lto-wrapper -plugin-opt=-fresolution=/tmp/ccj5K4pq.res -plugin-opt=-pass-through=-lgcc -plugin-opt=-pass-through=-lgcc_s -plugin-opt=-pass-through=-lc -plugin-opt=-pass-through=-lgcc -plugin-opt=-pass-through=-lgcc_s --eh-frame-hdr -m elf_x86_64 -export-dynamic -dynamic-linker /lib64/ld-linux-x86-64.so.2 -o cmTC_ab264 /usr/lib/gcc/x86_64-pc-linux-gnu/5.3.0/../../../../lib64/crt1.o /usr/lib/gcc/x86_64-pc-linux-gnu/5.3.0/../../../../lib64/crti.o /usr/lib/gcc/x86_64-pc-linux-gnu/5.3.0/crtbegin.o -L/usr/lib/gcc/x86_64-pc-linux-gnu/5.3.0 -L/usr/lib/gcc/x86_64-pc-linux-gnu/5.3.0/../../../../lib64 -L/lib/../lib64 -L/usr/lib/../lib64 -L/usr/lib/gcc/x86_64-pc-linux-gnu/5.3.0/../../../../x86_64-pc-linux-gnu/lib -L/usr/lib/gcc/x86_64-pc-linux-gnu/5.3.0/../../.. CMakeFiles/cmTC_ab264.dir/CMakeCCompilerABI.c.o -lgcc --as-needed -lgcc_s --no-as-needed -lc -lgcc --as-needed -lgcc_s --no-as-needed /usr/lib/gcc/x86_64-pc-linux-gnu/5.3.0/crtend.o /usr/lib/gcc/x86_64-pc-linux-gnu/5.3.0/../../../../lib64/crtn.o
gmake[1]: Leaving directory '/home/yxg/pcl/pcl/normal-estmation-visualization/build/CMakeFiles/CMakeTmp'


Parsed C implicit link information from above output:
  link line regex: [^( *|.*[/\])(ld|([^/\]+-)?ld|collect2)[^/\]*( |$)]
  ignore line: [Change Dir: /home/yxg/pcl/pcl/normal-estmation-visualization/build/CMakeFiles/CMakeTmp]
  ignore line: []
  ignore line: [Run Build Command:"/usr/bin/gmake" "cmTC_ab264/fast"]
  ignore line: [/usr/bin/gmake -f CMakeFiles/cmTC_ab264.dir/build.make CMakeFiles/cmTC_ab264.dir/build]
  ignore line: [gmake[1]: Entering directory '/home/yxg/pcl/pcl/normal-estmation-visualization/build/CMakeFiles/CMakeTmp']
  ignore line: [Building C object CMakeFiles/cmTC_ab264.dir/CMakeCCompilerABI.c.o]
  ignore line: [/usr/bin/cc     -o CMakeFiles/cmTC_ab264.dir/CMakeCCompilerABI.c.o   -c /usr/share/cmake/Modules/CMakeCCompilerABI.c]
  ignore line: [Linking C executable cmTC_ab264]
  ignore line: [/usr/bin/cmake -E cmake_link_script CMakeFiles/cmTC_ab264.dir/link.txt --verbose=1]
  ignore line: [/usr/bin/cc      -v CMakeFiles/cmTC_ab264.dir/CMakeCCompilerABI.c.o  -o cmTC_ab264 -rdynamic  ]
  ignore line: [Using built-in specs.]
  ignore line: [COLLECT_GCC=/usr/x86_64-pc-linux-gnu/gcc-bin/5.3.0/gcc]
  ignore line: [COLLECT_LTO_WRAPPER=/usr/libexec/gcc/x86_64-pc-linux-gnu/5.3.0/lto-wrapper]
  ignore line: [Target: x86_64-pc-linux-gnu]
  ignore line: [Configured with: /var/tmp/portage/sys-devel/gcc-5.3.0/work/gcc-5.3.0/configure --host=x86_64-pc-linux-gnu --build=x86_64-pc-linux-gnu --prefix=/usr --bindir=/usr/x86_64-pc-linux-gnu/gcc-bin/5.3.0 --includedir=/usr/lib/gcc/x86_64-pc-linux-gnu/5.3.0/include --datadir=/usr/share/gcc-data/x86_64-pc-linux-gnu/5.3.0 --mandir=/usr/share/gcc-data/x86_64-pc-linux-gnu/5.3.0/man --infodir=/usr/share/gcc-data/x86_64-pc-linux-gnu/5.3.0/info --with-gxx-include-dir=/usr/lib/gcc/x86_64-pc-linux-gnu/5.3.0/include/g++-v5 --with-python-dir=/share/gcc-data/x86_64-pc-linux-gnu/5.3.0/python --enable-languages=c,c++,fortran --enable-obsolete --enable-secureplt --disable-werror --with-system-zlib --enable-nls --without-included-gettext --enable-checking=release --with-bugurl=https://bugs.gentoo.org/ --with-pkgversion='Gentoo 5.3.0 p1.0, pie-0.6.5' --enable-libstdcxx-time --enable-shared --enable-threads=posix --enable-__cxa_atexit --enable-clocale=gnu --disable-multilib --with-multilib-list=m64 --disable-altivec --disable-fixed-point --enable-targets=all --disable-libgcj --enable-libgomp --disable-libmudflap --disable-libssp --disable-libcilkrts --enable-lto --without-isl --enable-libsanitizer]
  ignore line: [Thread model: posix]
  ignore line: [gcc version 5.3.0 (Gentoo 5.3.0 p1.0, pie-0.6.5) ]
  ignore line: [COMPILER_PATH=/usr/libexec/gcc/x86_64-pc-linux-gnu/5.3.0/:/usr/libexec/gcc/x86_64-pc-linux-gnu/5.3.0/:/usr/libexec/gcc/x86_64-pc-linux-gnu/:/usr/lib/gcc/x86_64-pc-linux-gnu/5.3.0/:/usr/lib/gcc/x86_64-pc-linux-gnu/:/usr/lib/gcc/x86_64-pc-linux-gnu/5.3.0/../../../../x86_64-pc-linux-gnu/bin/]
  ignore line: [LIBRARY_PATH=/usr/lib/gcc/x86_64-pc-linux-gnu/5.3.0/:/usr/lib/gcc/x86_64-pc-linux-gnu/5.3.0/../../../../lib64/:/lib/../lib64/:/usr/lib/../lib64/:/usr/lib/gcc/x86_64-pc-linux-gnu/5.3.0/../../../../x86_64-pc-linux-gnu/lib/:/usr/lib/gcc/x86_64-pc-linux-gnu/5.3.0/../../../:/lib/:/usr/lib/]
  ignore line: [COLLECT_GCC_OPTIONS='-v' '-o' 'cmTC_ab264' '-rdynamic' '-mtune=generic' '-march=x86-64']
  link line: [ /usr/libexec/gcc/x86_64-pc-linux-gnu/5.3.0/collect2 -plugin /usr/libexec/gcc/x86_64-pc-linux-gnu/5.3.0/liblto_plugin.so -plugin-opt=/usr/libexec/gcc/x86_64-pc-linux-gnu/5.3.0/lto-wrapper -plugin-opt=-fresolution=/tmp/ccj5K4pq.res -plugin-opt=-pass-through=-lgcc -plugin-opt=-pass-through=-lgcc_s -plugin-opt=-pass-through=-lc -plugin-opt=-pass-through=-lgcc -plugin-opt=-pass-through=-lgcc_s --eh-frame-hdr -m elf_x86_64 -export-dynamic -dynamic-linker /lib64/ld-linux-x86-64.so.2 -o cmTC_ab264 /usr/lib/gcc/x86_64-pc-linux-gnu/5.3.0/../../../../lib64/crt1.o /usr/lib/gcc/x86_64-pc-linux-gnu/5.3.0/../../../../lib64/crti.o /usr/lib/gcc/x86_64-pc-linux-gnu/5.3.0/crtbegin.o -L/usr/lib/gcc/x86_64-pc-linux-gnu/5.3.0 -L/usr/lib/gcc/x86_64-pc-linux-gnu/5.3.0/../../../../lib64 -L/lib/../lib64 -L/usr/lib/../lib64 -L/usr/lib/gcc/x86_64-pc-linux-gnu/5.3.0/../../../../x86_64-pc-linux-gnu/lib -L/usr/lib/gcc/x86_64-pc-linux-gnu/5.3.0/../../.. CMakeFiles/cmTC_ab264.dir/CMakeCCompilerABI.c.o -lgcc --as-needed -lgcc_s --no-as-needed -lc -lgcc --as-needed -lgcc_s --no-as-needed /usr/lib/gcc/x86_64-pc-linux-gnu/5.3.0/crtend.o /usr/lib/gcc/x86_64-pc-linux-gnu/5.3.0/../../../../lib64/crtn.o]
    arg [/usr/libexec/gcc/x86_64-pc-linux-gnu/5.3.0/collect2] ==> ignore
    arg [-plugin] ==> ignore
    arg [/usr/libexec/gcc/x86_64-pc-linux-gnu/5.3.0/liblto_plugin.so] ==> ignore
    arg [-plugin-opt=/usr/libexec/gcc/x86_64-pc-linux-gnu/5.3.0/lto-wrapper] ==> ignore
    arg [-plugin-opt=-fresolution=/tmp/ccj5K4pq.res] ==> ignore
    arg [-plugin-opt=-pass-through=-lgcc] ==> ignore
    arg [-plugin-opt=-pass-through=-lgcc_s] ==> ignore
    arg [-plugin-opt=-pass-through=-lc] ==> ignore
    arg [-plugin-opt=-pass-through=-lgcc] ==> ignore
    arg [-plugin-opt=-pass-through=-lgcc_s] ==> ignore
    arg [--eh-frame-hdr] ==> ignore
    arg [-m] ==> ignore
    arg [elf_x86_64] ==> ignore
    arg [-export-dynamic] ==> ignore
    arg [-dynamic-linker] ==> ignore
    arg [/lib64/ld-linux-x86-64.so.2] ==> ignore
    arg [-o] ==> ignore
    arg [cmTC_ab264] ==> ignore
    arg [/usr/lib/gcc/x86_64-pc-linux-gnu/5.3.0/../../../../lib64/crt1.o] ==> ignore
    arg [/usr/lib/gcc/x86_64-pc-linux-gnu/5.3.0/../../../../lib64/crti.o] ==> ignore
    arg [/usr/lib/gcc/x86_64-pc-linux-gnu/5.3.0/crtbegin.o] ==> ignore
    arg [-L/usr/lib/gcc/x86_64-pc-linux-gnu/5.3.0] ==> dir [/usr/lib/gcc/x86_64-pc-linux-gnu/5.3.0]
    arg [-L/usr/lib/gcc/x86_64-pc-linux-gnu/5.3.0/../../../../lib64] ==> dir [/usr/lib/gcc/x86_64-pc-linux-gnu/5.3.0/../../../../lib64]
    arg [-L/lib/../lib64] ==> dir [/lib/../lib64]
    arg [-L/usr/lib/../lib64] ==> dir [/usr/lib/../lib64]
    arg [-L/usr/lib/gcc/x86_64-pc-linux-gnu/5.3.0/../../../../x86_64-pc-linux-gnu/lib] ==> dir [/usr/lib/gcc/x86_64-pc-linux-gnu/5.3.0/../../../../x86_64-pc-linux-gnu/lib]
    arg [-L/usr/lib/gcc/x86_64-pc-linux-gnu/5.3.0/../../..] ==> dir [/usr/lib/gcc/x86_64-pc-linux-gnu/5.3.0/../../..]
    arg [CMakeFiles/cmTC_ab264.dir/CMakeCCompilerABI.c.o] ==> ignore
    arg [-lgcc] ==> lib [gcc]
    arg [--as-needed] ==> ignore
    arg [-lgcc_s] ==> lib [gcc_s]
    arg [--no-as-needed] ==> ignore
    arg [-lc] ==> lib [c]
    arg [-lgcc] ==> lib [gcc]
    arg [--as-needed] ==> ignore
    arg [-lgcc_s] ==> lib [gcc_s]
    arg [--no-as-needed] ==> ignore
    arg [/usr/lib/gcc/x86_64-pc-linux-gnu/5.3.0/crtend.o] ==> ignore
    arg [/usr/lib/gcc/x86_64-pc-linux-gnu/5.3.0/../../../../lib64/crtn.o] ==> ignore
  remove lib [gcc]
  remove lib [gcc_s]
  remove lib [gcc]
  remove lib [gcc_s]
  collapse library dir [/usr/lib/gcc/x86_64-pc-linux-gnu/5.3.0] ==> [/usr/lib/gcc/x86_64-pc-linux-gnu/5.3.0]
  collapse library dir [/usr/lib/gcc/x86_64-pc-linux-gnu/5.3.0/../../../../lib64] ==> [/usr/lib64]
  collapse library dir [/lib/../lib64] ==> [/lib64]
  collapse library dir [/usr/lib/../lib64] ==> [/usr/lib64]
  collapse library dir [/usr/lib/gcc/x86_64-pc-linux-gnu/5.3.0/../../../../x86_64-pc-linux-gnu/lib] ==> [/usr/x86_64-pc-linux-gnu/lib]
  collapse library dir [/usr/lib/gcc/x86_64-pc-linux-gnu/5.3.0/../../..] ==> [/usr/lib]
  implicit libs: [c]
  implicit dirs: [/usr/lib/gcc/x86_64-pc-linux-gnu/5.3.0;/usr/lib64;/lib64;/usr/x86_64-pc-linux-gnu/lib;/usr/lib]
  implicit fwks: []




Detecting C [-std=c11] compiler features compiled with the following output:
Change Dir: /home/yxg/pcl/pcl/normal-estmation-visualization/build/CMakeFiles/CMakeTmp

Run Build Command:"/usr/bin/gmake" "cmTC_43dc2/fast"
/usr/bin/gmake -f CMakeFiles/cmTC_43dc2.dir/build.make CMakeFiles/cmTC_43dc2.dir/build
gmake[1]: Entering directory '/home/yxg/pcl/pcl/normal-estmation-visualization/build/CMakeFiles/CMakeTmp'
Building C object CMakeFiles/cmTC_43dc2.dir/feature_tests.c.o
/usr/bin/cc    -std=c11 -o CMakeFiles/cmTC_43dc2.dir/feature_tests.c.o   -c /home/yxg/pcl/pcl/normal-estmation-visualization/build/CMakeFiles/feature_tests.c
Linking C executable cmTC_43dc2
/usr/bin/cmake -E cmake_link_script CMakeFiles/cmTC_43dc2.dir/link.txt --verbose=1
/usr/bin/cc       CMakeFiles/cmTC_43dc2.dir/feature_tests.c.o  -o cmTC_43dc2 -rdynamic 
gmake[1]: Leaving directory '/home/yxg/pcl/pcl/normal-estmation-visualization/build/CMakeFiles/CMakeTmp'


    Feature record: C_FEATURE:1c_function_prototypes
    Feature record: C_FEATURE:1c_restrict
    Feature record: C_FEATURE:1c_static_assert
    Feature record: C_FEATURE:1c_variadic_macros


Detecting C [-std=c99] compiler features compiled with the following output:
Change Dir: /home/yxg/pcl/pcl/normal-estmation-visualization/build/CMakeFiles/CMakeTmp

Run Build Command:"/usr/bin/gmake" "cmTC_1dc7a/fast"
/usr/bin/gmake -f CMakeFiles/cmTC_1dc7a.dir/build.make CMakeFiles/cmTC_1dc7a.dir/build
gmake[1]: Entering directory '/home/yxg/pcl/pcl/normal-estmation-visualization/build/CMakeFiles/CMakeTmp'
Building C object CMakeFiles/cmTC_1dc7a.dir/feature_tests.c.o
/usr/bin/cc    -std=c99 -o CMakeFiles/cmTC_1dc7a.dir/feature_tests.c.o   -c /home/yxg/pcl/pcl/normal-estmation-visualization/build/CMakeFiles/feature_tests.c
Linking C executable cmTC_1dc7a
/usr/bin/cmake -E cmake_link_script CMakeFiles/cmTC_1dc7a.dir/link.txt --verbose=1
/usr/bin/cc       CMakeFiles/cmTC_1dc7a.dir/feature_tests.c.o  -o cmTC_1dc7a -rdynamic 
gmake[1]: Leaving directory '/home/yxg/pcl/pcl/normal-estmation-visualization/build/CMakeFiles/CMakeTmp'


    Feature record: C_FEATURE:1c_function_prototypes
    Feature record: C_FEATURE:1c_restrict
    Feature record: C_FEATURE:0c_static_assert
    Feature record: C_FEATURE:1c_variadic_macros


Detecting C [-std=c90] compiler features compiled with the following output:
Change Dir: /home/yxg/pcl/pcl/normal-estmation-visualization/build/CMakeFiles/CMakeTmp

Run Build Command:"/usr/bin/gmake" "cmTC_d31d0/fast"
/usr/bin/gmake -f CMakeFiles/cmTC_d31d0.dir/build.make CMakeFiles/cmTC_d31d0.dir/build
gmake[1]: Entering directory '/home/yxg/pcl/pcl/normal-estmation-visualization/build/CMakeFiles/CMakeTmp'
Building C object CMakeFiles/cmTC_d31d0.dir/feature_tests.c.o
/usr/bin/cc    -std=c90 -o CMakeFiles/cmTC_d31d0.dir/feature_tests.c.o   -c /home/yxg/pcl/pcl/normal-estmation-visualization/build/CMakeFiles/feature_tests.c
Linking C executable cmTC_d31d0
/usr/bin/cmake -E cmake_link_script CMakeFiles/cmTC_d31d0.dir/link.txt --verbose=1
/usr/bin/cc       CMakeFiles/cmTC_d31d0.dir/feature_tests.c.o  -o cmTC_d31d0 -rdynamic 
gmake[1]: Leaving directory '/home/yxg/pcl/pcl/normal-estmation-visualization/build/CMakeFiles/CMakeTmp'


    Feature record: C_FEATURE:1c_function_prototypes
    Feature record: C_FEATURE:0c_restrict
    Feature record: C_FEATURE:0c_static_assert
    Feature record: C_FEATURE:0c_variadic_macros
Determining if the CXX compiler works passed with the following output:
Change Dir: /home/yxg/pcl/pcl/normal-estmation-visualization/build/CMakeFiles/CMakeTmp

Run Build Command:"/usr/bin/gmake" "cmTC_3c6f3/fast"
/usr/bin/gmake -f CMakeFiles/cmTC_3c6f3.dir/build.make CMakeFiles/cmTC_3c6f3.dir/build
gmake[1]: Entering directory '/home/yxg/pcl/pcl/normal-estmation-visualization/build/CMakeFiles/CMakeTmp'
Building CXX object CMakeFiles/cmTC_3c6f3.dir/testCXXCompiler.cxx.o
/usr/bin/c++      -o CMakeFiles/cmTC_3c6f3.dir/testCXXCompiler.cxx.o -c /home/yxg/pcl/pcl/normal-estmation-visualization/build/CMakeFiles/CMakeTmp/testCXXCompiler.cxx
Linking CXX executable cmTC_3c6f3
/usr/bin/cmake -E cmake_link_script CMakeFiles/cmTC_3c6f3.dir/link.txt --verbose=1
/usr/bin/c++        CMakeFiles/cmTC_3c6f3.dir/testCXXCompiler.cxx.o  -o cmTC_3c6f3 -rdynamic 
gmake[1]: Leaving directory '/home/yxg/pcl/pcl/normal-estmation-visualization/build/CMakeFiles/CMakeTmp'


Detecting CXX compiler ABI info compiled with the following output:
Change Dir: /home/yxg/pcl/pcl/normal-estmation-visualization/build/CMakeFiles/CMakeTmp

Run Build Command:"/usr/bin/gmake" "cmTC_747f3/fast"
/usr/bin/gmake -f CMakeFiles/cmTC_747f3.dir/build.make CMakeFiles/cmTC_747f3.dir/build
gmake[1]: Entering directory '/home/yxg/pcl/pcl/normal-estmation-visualization/build/CMakeFiles/CMakeTmp'
Building CXX object CMakeFiles/cmTC_747f3.dir/CMakeCXXCompilerABI.cpp.o
/usr/bin/c++      -o CMakeFiles/cmTC_747f3.dir/CMakeCXXCompilerABI.cpp.o -c /usr/share/cmake/Modules/CMakeCXXCompilerABI.cpp
Linking CXX executable cmTC_747f3
/usr/bin/cmake -E cmake_link_script CMakeFiles/cmTC_747f3.dir/link.txt --verbose=1
/usr/bin/c++       -v CMakeFiles/cmTC_747f3.dir/CMakeCXXCompilerABI.cpp.o  -o cmTC_747f3 -rdynamic  
Using built-in specs.
COLLECT_GCC=/usr/x86_64-pc-linux-gnu/gcc-bin/5.3.0/c++
COLLECT_LTO_WRAPPER=/usr/libexec/gcc/x86_64-pc-linux-gnu/5.3.0/lto-wrapper
Target: x86_64-pc-linux-gnu
Configured with: /var/tmp/portage/sys-devel/gcc-5.3.0/work/gcc-5.3.0/configure --host=x86_64-pc-linux-gnu --build=x86_64-pc-linux-gnu --prefix=/usr --bindir=/usr/x86_64-pc-linux-gnu/gcc-bin/5.3.0 --includedir=/usr/lib/gcc/x86_64-pc-linux-gnu/5.3.0/include --datadir=/usr/share/gcc-data/x86_64-pc-linux-gnu/5.3.0 --mandir=/usr/share/gcc-data/x86_64-pc-linux-gnu/5.3.0/man --infodir=/usr/share/gcc-data/x86_64-pc-linux-gnu/5.3.0/info --with-gxx-include-dir=/usr/lib/gcc/x86_64-pc-linux-gnu/5.3.0/include/g++-v5 --with-python-dir=/share/gcc-data/x86_64-pc-linux-gnu/5.3.0/python --enable-languages=c,c++,fortran --enable-obsolete --enable-secureplt --disable-werror --with-system-zlib --enable-nls --without-included-gettext --enable-checking=release --with-bugurl=https://bugs.gentoo.org/ --with-pkgversion='Gentoo 5.3.0 p1.0, pie-0.6.5' --enable-libstdcxx-time --enable-shared --enable-threads=posix --enable-__cxa_atexit --enable-clocale=gnu --disable-multilib --with-multilib-list=m64 --disable-altivec --disable-fixed-point --enable-targets=all --disable-libgcj --enable-libgomp --disable-libmudflap --disable-libssp --disable-libcilkrts --enable-lto --without-isl --enable-libsanitizer
Thread model: posix
gcc version 5.3.0 (Gentoo 5.3.0 p1.0, pie-0.6.5) 
COMPILER_PATH=/usr/libexec/gcc/x86_64-pc-linux-gnu/5.3.0/:/usr/libexec/gcc/x86_64-pc-linux-gnu/5.3.0/:/usr/libexec/gcc/x86_64-pc-linux-gnu/:/usr/lib/gcc/x86_64-pc-linux-gnu/5.3.0/:/usr/lib/gcc/x86_64-pc-linux-gnu/:/usr/lib/gcc/x86_64-pc-linux-gnu/5.3.0/../../../../x86_64-pc-linux-gnu/bin/
LIBRARY_PATH=/usr/lib/gcc/x86_64-pc-linux-gnu/5.3.0/:/usr/lib/gcc/x86_64-pc-linux-gnu/5.3.0/../../../../lib64/:/lib/../lib64/:/usr/lib/../lib64/:/usr/lib/gcc/x86_64-pc-linux-gnu/5.3.0/../../../../x86_64-pc-linux-gnu/lib/:/usr/lib/gcc/x86_64-pc-linux-gnu/5.3.0/../../../:/lib/:/usr/lib/
COLLECT_GCC_OPTIONS='-v' '-o' 'cmTC_747f3' '-rdynamic' '-shared-libgcc' '-mtune=generic' '-march=x86-64'
 /usr/libexec/gcc/x86_64-pc-linux-gnu/5.3.0/collect2 -plugin /usr/libexec/gcc/x86_64-pc-linux-gnu/5.3.0/liblto_plugin.so -plugin-opt=/usr/libexec/gcc/x86_64-pc-linux-gnu/5.3.0/lto-wrapper -plugin-opt=-fresolution=/tmp/ccKyUpjQ.res -plugin-opt=-pass-through=-lgcc_s -plugin-opt=-pass-through=-lgcc -plugin-opt=-pass-through=-lc -plugin-opt=-pass-through=-lgcc_s -plugin-opt=-pass-through=-lgcc --eh-frame-hdr -m elf_x86_64 -export-dynamic -dynamic-linker /lib64/ld-linux-x86-64.so.2 -o cmTC_747f3 /usr/lib/gcc/x86_64-pc-linux-gnu/5.3.0/../../../../lib64/crt1.o /usr/lib/gcc/x86_64-pc-linux-gnu/5.3.0/../../../../lib64/crti.o /usr/lib/gcc/x86_64-pc-linux-gnu/5.3.0/crtbegin.o -L/usr/lib/gcc/x86_64-pc-linux-gnu/5.3.0 -L/usr/lib/gcc/x86_64-pc-linux-gnu/5.3.0/../../../../lib64 -L/lib/../lib64 -L/usr/lib/../lib64 -L/usr/lib/gcc/x86_64-pc-linux-gnu/5.3.0/../../../../x86_64-pc-linux-gnu/lib -L/usr/lib/gcc/x86_64-pc-linux-gnu/5.3.0/../../.. CMakeFiles/cmTC_747f3.dir/CMakeCXXCompilerABI.cpp.o -lstdc++ -lm -lgcc_s -lgcc -lc -lgcc_s -lgcc /usr/lib/gcc/x86_64-pc-linux-gnu/5.3.0/crtend.o /usr/lib/gcc/x86_64-pc-linux-gnu/5.3.0/../../../../lib64/crtn.o
gmake[1]: Leaving directory '/home/yxg/pcl/pcl/normal-estmation-visualization/build/CMakeFiles/CMakeTmp'


Parsed CXX implicit link information from above output:
  link line regex: [^( *|.*[/\])(ld|([^/\]+-)?ld|collect2)[^/\]*( |$)]
  ignore line: [Change Dir: /home/yxg/pcl/pcl/normal-estmation-visualization/build/CMakeFiles/CMakeTmp]
  ignore line: []
  ignore line: [Run Build Command:"/usr/bin/gmake" "cmTC_747f3/fast"]
  ignore line: [/usr/bin/gmake -f CMakeFiles/cmTC_747f3.dir/build.make CMakeFiles/cmTC_747f3.dir/build]
  ignore line: [gmake[1]: Entering directory '/home/yxg/pcl/pcl/normal-estmation-visualization/build/CMakeFiles/CMakeTmp']
  ignore line: [Building CXX object CMakeFiles/cmTC_747f3.dir/CMakeCXXCompilerABI.cpp.o]
  ignore line: [/usr/bin/c++      -o CMakeFiles/cmTC_747f3.dir/CMakeCXXCompilerABI.cpp.o -c /usr/share/cmake/Modules/CMakeCXXCompilerABI.cpp]
  ignore line: [Linking CXX executable cmTC_747f3]
  ignore line: [/usr/bin/cmake -E cmake_link_script CMakeFiles/cmTC_747f3.dir/link.txt --verbose=1]
  ignore line: [/usr/bin/c++       -v CMakeFiles/cmTC_747f3.dir/CMakeCXXCompilerABI.cpp.o  -o cmTC_747f3 -rdynamic  ]
  ignore line: [Using built-in specs.]
  ignore line: [COLLECT_GCC=/usr/x86_64-pc-linux-gnu/gcc-bin/5.3.0/c++]
  ignore line: [COLLECT_LTO_WRAPPER=/usr/libexec/gcc/x86_64-pc-linux-gnu/5.3.0/lto-wrapper]
  ignore line: [Target: x86_64-pc-linux-gnu]
  ignore line: [Configured with: /var/tmp/portage/sys-devel/gcc-5.3.0/work/gcc-5.3.0/configure --host=x86_64-pc-linux-gnu --build=x86_64-pc-linux-gnu --prefix=/usr --bindir=/usr/x86_64-pc-linux-gnu/gcc-bin/5.3.0 --includedir=/usr/lib/gcc/x86_64-pc-linux-gnu/5.3.0/include --datadir=/usr/share/gcc-data/x86_64-pc-linux-gnu/5.3.0 --mandir=/usr/share/gcc-data/x86_64-pc-linux-gnu/5.3.0/man --infodir=/usr/share/gcc-data/x86_64-pc-linux-gnu/5.3.0/info --with-gxx-include-dir=/usr/lib/gcc/x86_64-pc-linux-gnu/5.3.0/include/g++-v5 --with-python-dir=/share/gcc-data/x86_64-pc-linux-gnu/5.3.0/python --enable-languages=c,c++,fortran --enable-obsolete --enable-secureplt --disable-werror --with-system-zlib --enable-nls --without-included-gettext --enable-checking=release --with-bugurl=https://bugs.gentoo.org/ --with-pkgversion='Gentoo 5.3.0 p1.0, pie-0.6.5' --enable-libstdcxx-time --enable-shared --enable-threads=posix --enable-__cxa_atexit --enable-clocale=gnu --disable-multilib --with-multilib-list=m64 --disable-altivec --disable-fixed-point --enable-targets=all --disable-libgcj --enable-libgomp --disable-libmudflap --disable-libssp --disable-libcilkrts --enable-lto --without-isl --enable-libsanitizer]
  ignore line: [Thread model: posix]
  ignore line: [gcc version 5.3.0 (Gentoo 5.3.0 p1.0, pie-0.6.5) ]
  ignore line: [COMPILER_PATH=/usr/libexec/gcc/x86_64-pc-linux-gnu/5.3.0/:/usr/libexec/gcc/x86_64-pc-linux-gnu/5.3.0/:/usr/libexec/gcc/x86_64-pc-linux-gnu/:/usr/lib/gcc/x86_64-pc-linux-gnu/5.3.0/:/usr/lib/gcc/x86_64-pc-linux-gnu/:/usr/lib/gcc/x86_64-pc-linux-gnu/5.3.0/../../../../x86_64-pc-linux-gnu/bin/]
  ignore line: [LIBRARY_PATH=/usr/lib/gcc/x86_64-pc-linux-gnu/5.3.0/:/usr/lib/gcc/x86_64-pc-linux-gnu/5.3.0/../../../../lib64/:/lib/../lib64/:/usr/lib/../lib64/:/usr/lib/gcc/x86_64-pc-linux-gnu/5.3.0/../../../../x86_64-pc-linux-gnu/lib/:/usr/lib/gcc/x86_64-pc-linux-gnu/5.3.0/../../../:/lib/:/usr/lib/]
  ignore line: [COLLECT_GCC_OPTIONS='-v' '-o' 'cmTC_747f3' '-rdynamic' '-shared-libgcc' '-mtune=generic' '-march=x86-64']
  link line: [ /usr/libexec/gcc/x86_64-pc-linux-gnu/5.3.0/collect2 -plugin /usr/libexec/gcc/x86_64-pc-linux-gnu/5.3.0/liblto_plugin.so -plugin-opt=/usr/libexec/gcc/x86_64-pc-linux-gnu/5.3.0/lto-wrapper -plugin-opt=-fresolution=/tmp/ccKyUpjQ.res -plugin-opt=-pass-through=-lgcc_s -plugin-opt=-pass-through=-lgcc -plugin-opt=-pass-through=-lc -plugin-opt=-pass-through=-lgcc_s -plugin-opt=-pass-through=-lgcc --eh-frame-hdr -m elf_x86_64 -export-dynamic -dynamic-linker /lib64/ld-linux-x86-64.so.2 -o cmTC_747f3 /usr/lib/gcc/x86_64-pc-linux-gnu/5.3.0/../../../../lib64/crt1.o /usr/lib/gcc/x86_64-pc-linux-gnu/5.3.0/../../../../lib64/crti.o /usr/lib/gcc/x86_64-pc-linux-gnu/5.3.0/crtbegin.o -L/usr/lib/gcc/x86_64-pc-linux-gnu/5.3.0 -L/usr/lib/gcc/x86_64-pc-linux-gnu/5.3.0/../../../../lib64 -L/lib/../lib64 -L/usr/lib/../lib64 -L/usr/lib/gcc/x86_64-pc-linux-gnu/5.3.0/../../../../x86_64-pc-linux-gnu/lib -L/usr/lib/gcc/x86_64-pc-linux-gnu/5.3.0/../../.. CMakeFiles/cmTC_747f3.dir/CMakeCXXCompilerABI.cpp.o -lstdc++ -lm -lgcc_s -lgcc -lc -lgcc_s -lgcc /usr/lib/gcc/x86_64-pc-linux-gnu/5.3.0/crtend.o /usr/lib/gcc/x86_64-pc-linux-gnu/5.3.0/../../../../lib64/crtn.o]
    arg [/usr/libexec/gcc/x86_64-pc-linux-gnu/5.3.0/collect2] ==> ignore
    arg [-plugin] ==> ignore
    arg [/usr/libexec/gcc/x86_64-pc-linux-gnu/5.3.0/liblto_plugin.so] ==> ignore
    arg [-plugin-opt=/usr/libexec/gcc/x86_64-pc-linux-gnu/5.3.0/lto-wrapper] ==> ignore
    arg [-plugin-opt=-fresolution=/tmp/ccKyUpjQ.res] ==> ignore
    arg [-plugin-opt=-pass-through=-lgcc_s] ==> ignore
    arg [-plugin-opt=-pass-through=-lgcc] ==> ignore
    arg [-plugin-opt=-pass-through=-lc] ==> ignore
    arg [-plugin-opt=-pass-through=-lgcc_s] ==> ignore
    arg [-plugin-opt=-pass-through=-lgcc] ==> ignore
    arg [--eh-frame-hdr] ==> ignore
    arg [-m] ==> ignore
    arg [elf_x86_64] ==> ignore
    arg [-export-dynamic] ==> ignore
    arg [-dynamic-linker] ==> ignore
    arg [/lib64/ld-linux-x86-64.so.2] ==> ignore
    arg [-o] ==> ignore
    arg [cmTC_747f3] ==> ignore
    arg [/usr/lib/gcc/x86_64-pc-linux-gnu/5.3.0/../../../../lib64/crt1.o] ==> ignore
    arg [/usr/lib/gcc/x86_64-pc-linux-gnu/5.3.0/../../../../lib64/crti.o] ==> ignore
    arg [/usr/lib/gcc/x86_64-pc-linux-gnu/5.3.0/crtbegin.o] ==> ignore
    arg [-L/usr/lib/gcc/x86_64-pc-linux-gnu/5.3.0] ==> dir [/usr/lib/gcc/x86_64-pc-linux-gnu/5.3.0]
    arg [-L/usr/lib/gcc/x86_64-pc-linux-gnu/5.3.0/../../../../lib64] ==> dir [/usr/lib/gcc/x86_64-pc-linux-gnu/5.3.0/../../../../lib64]
    arg [-L/lib/../lib64] ==> dir [/lib/../lib64]
    arg [-L/usr/lib/../lib64] ==> dir [/usr/lib/../lib64]
    arg [-L/usr/lib/gcc/x86_64-pc-linux-gnu/5.3.0/../../../../x86_64-pc-linux-gnu/lib] ==> dir [/usr/lib/gcc/x86_64-pc-linux-gnu/5.3.0/../../../../x86_64-pc-linux-gnu/lib]
    arg [-L/usr/lib/gcc/x86_64-pc-linux-gnu/5.3.0/../../..] ==> dir [/usr/lib/gcc/x86_64-pc-linux-gnu/5.3.0/../../..]
    arg [CMakeFiles/cmTC_747f3.dir/CMakeCXXCompilerABI.cpp.o] ==> ignore
    arg [-lstdc++] ==> lib [stdc++]
    arg [-lm] ==> lib [m]
    arg [-lgcc_s] ==> lib [gcc_s]
    arg [-lgcc] ==> lib [gcc]
    arg [-lc] ==> lib [c]
    arg [-lgcc_s] ==> lib [gcc_s]
    arg [-lgcc] ==> lib [gcc]
    arg [/usr/lib/gcc/x86_64-pc-linux-gnu/5.3.0/crtend.o] ==> ignore
    arg [/usr/lib/gcc/x86_64-pc-linux-gnu/5.3.0/../../../../lib64/crtn.o] ==> ignore
  remove lib [gcc_s]
  remove lib [gcc]
  remove lib [gcc_s]
  remove lib [gcc]
  collapse library dir [/usr/lib/gcc/x86_64-pc-linux-gnu/5.3.0] ==> [/usr/lib/gcc/x86_64-pc-linux-gnu/5.3.0]
  collapse library dir [/usr/lib/gcc/x86_64-pc-linux-gnu/5.3.0/../../../../lib64] ==> [/usr/lib64]
  collapse library dir [/lib/../lib64] ==> [/lib64]
  collapse library dir [/usr/lib/../lib64] ==> [/usr/lib64]
  collapse library dir [/usr/lib/gcc/x86_64-pc-linux-gnu/5.3.0/../../../../x86_64-pc-linux-gnu/lib] ==> [/usr/x86_64-pc-linux-gnu/lib]
  collapse library dir [/usr/lib/gcc/x86_64-pc-linux-gnu/5.3.0/../../..] ==> [/usr/lib]
  implicit libs: [stdc++;m;c]
  implicit dirs: [/usr/lib/gcc/x86_64-pc-linux-gnu/5.3.0;/usr/lib64;/lib64;/usr/x86_64-pc-linux-gnu/lib;/usr/lib]
  implicit fwks: []




Detecting CXX [-std=c++14] compiler features compiled with the following output:
Change Dir: /home/yxg/pcl/pcl/normal-estmation-visualization/build/CMakeFiles/CMakeTmp

Run Build Command:"/usr/bin/gmake" "cmTC_9b9ec/fast"
/usr/bin/gmake -f CMakeFiles/cmTC_9b9ec.dir/build.make CMakeFiles/cmTC_9b9ec.dir/build
gmake[1]: Entering directory '/home/yxg/pcl/pcl/normal-estmation-visualization/build/CMakeFiles/CMakeTmp'
Building CXX object CMakeFiles/cmTC_9b9ec.dir/feature_tests.cxx.o
/usr/bin/c++     -std=c++14 -o CMakeFiles/cmTC_9b9ec.dir/feature_tests.cxx.o -c /home/yxg/pcl/pcl/normal-estmation-visualization/build/CMakeFiles/feature_tests.cxx
Linking CXX executable cmTC_9b9ec
/usr/bin/cmake -E cmake_link_script CMakeFiles/cmTC_9b9ec.dir/link.txt --verbose=1
/usr/bin/c++        CMakeFiles/cmTC_9b9ec.dir/feature_tests.cxx.o  -o cmTC_9b9ec -rdynamic 
gmake[1]: Leaving directory '/home/yxg/pcl/pcl/normal-estmation-visualization/build/CMakeFiles/CMakeTmp'


    Feature record: CXX_FEATURE:1cxx_aggregate_default_initializers
    Feature record: CXX_FEATURE:1cxx_alias_templates
    Feature record: CXX_FEATURE:1cxx_alignas
    Feature record: CXX_FEATURE:1cxx_alignof
    Feature record: CXX_FEATURE:1cxx_attributes
    Feature record: CXX_FEATURE:1cxx_attribute_deprecated
    Feature record: CXX_FEATURE:1cxx_auto_type
    Feature record: CXX_FEATURE:1cxx_binary_literals
    Feature record: CXX_FEATURE:1cxx_constexpr
    Feature record: CXX_FEATURE:1cxx_contextual_conversions
    Feature record: CXX_FEATURE:1cxx_decltype
    Feature record: CXX_FEATURE:1cxx_decltype_auto
    Feature record: CXX_FEATURE:1cxx_decltype_incomplete_return_types
    Feature record: CXX_FEATURE:1cxx_default_function_template_args
    Feature record: CXX_FEATURE:1cxx_defaulted_functions
    Feature record: CXX_FEATURE:1cxx_defaulted_move_initializers
    Feature record: CXX_FEATURE:1cxx_delegating_constructors
    Feature record: CXX_FEATURE:1cxx_deleted_functions
    Feature record: CXX_FEATURE:1cxx_digit_separators
    Feature record: CXX_FEATURE:1cxx_enum_forward_declarations
    Feature record: CXX_FEATURE:1cxx_explicit_conversions
    Feature record: CXX_FEATURE:1cxx_extended_friend_declarations
    Feature record: CXX_FEATURE:1cxx_extern_templates
    Feature record: CXX_FEATURE:1cxx_final
    Feature record: CXX_FEATURE:1cxx_func_identifier
    Feature record: CXX_FEATURE:1cxx_generalized_initializers
    Feature record: CXX_FEATURE:1cxx_generic_lambdas
    Feature record: CXX_FEATURE:1cxx_inheriting_constructors
    Feature record: CXX_FEATURE:1cxx_inline_namespaces
    Feature record: CXX_FEATURE:1cxx_lambdas
    Feature record: CXX_FEATURE:1cxx_lambda_init_captures
    Feature record: CXX_FEATURE:1cxx_local_type_template_args
    Feature record: CXX_FEATURE:1cxx_long_long_type
    Feature record: CXX_FEATURE:1cxx_noexcept
    Feature record: CXX_FEATURE:1cxx_nonstatic_member_init
    Feature record: CXX_FEATURE:1cxx_nullptr
    Feature record: CXX_FEATURE:1cxx_override
    Feature record: CXX_FEATURE:1cxx_range_for
    Feature record: CXX_FEATURE:1cxx_raw_string_literals
    Feature record: CXX_FEATURE:1cxx_reference_qualified_functions
    Feature record: CXX_FEATURE:1cxx_relaxed_constexpr
    Feature record: CXX_FEATURE:1cxx_return_type_deduction
    Feature record: CXX_FEATURE:1cxx_right_angle_brackets
    Feature record: CXX_FEATURE:1cxx_rvalue_references
    Feature record: CXX_FEATURE:1cxx_sizeof_member
    Feature record: CXX_FEATURE:1cxx_static_assert
    Feature record: CXX_FEATURE:1cxx_strong_enums
    Feature record: CXX_FEATURE:1cxx_template_template_parameters
    Feature record: CXX_FEATURE:1cxx_thread_local
    Feature record: CXX_FEATURE:1cxx_trailing_return_types
    Feature record: CXX_FEATURE:1cxx_unicode_literals
    Feature record: CXX_FEATURE:1cxx_uniform_initialization
    Feature record: CXX_FEATURE:1cxx_unrestricted_unions
    Feature record: CXX_FEATURE:1cxx_user_literals
    Feature record: CXX_FEATURE:1cxx_variable_templates
    Feature record: CXX_FEATURE:1cxx_variadic_macros
    Feature record: CXX_FEATURE:1cxx_variadic_templates


Detecting CXX [-std=c++11] compiler features compiled with the following output:
Change Dir: /home/yxg/pcl/pcl/normal-estmation-visualization/build/CMakeFiles/CMakeTmp

Run Build Command:"/usr/bin/gmake" "cmTC_988cf/fast"
/usr/bin/gmake -f CMakeFiles/cmTC_988cf.dir/build.make CMakeFiles/cmTC_988cf.dir/build
gmake[1]: Entering directory '/home/yxg/pcl/pcl/normal-estmation-visualization/build/CMakeFiles/CMakeTmp'
Building CXX object CMakeFiles/cmTC_988cf.dir/feature_tests.cxx.o
/usr/bin/c++     -std=c++11 -o CMakeFiles/cmTC_988cf.dir/feature_tests.cxx.o -c /home/yxg/pcl/pcl/normal-estmation-visualization/build/CMakeFiles/feature_tests.cxx
Linking CXX executable cmTC_988cf
/usr/bin/cmake -E cmake_link_script CMakeFiles/cmTC_988cf.dir/link.txt --verbose=1
/usr/bin/c++        CMakeFiles/cmTC_988cf.dir/feature_tests.cxx.o  -o cmTC_988cf -rdynamic 
gmake[1]: Leaving directory '/home/yxg/pcl/pcl/normal-estmation-visualization/build/CMakeFiles/CMakeTmp'


    Feature record: CXX_FEATURE:0cxx_aggregate_default_initializers
    Feature record: CXX_FEATURE:1cxx_alias_templates
    Feature record: CXX_FEATURE:1cxx_alignas
    Feature record: CXX_FEATURE:1cxx_alignof
    Feature record: CXX_FEATURE:1cxx_attributes
    Feature record: CXX_FEATURE:0cxx_attribute_deprecated
    Feature record: CXX_FEATURE:1cxx_auto_type
    Feature record: CXX_FEATURE:0cxx_binary_literals
    Feature record: CXX_FEATURE:1cxx_constexpr
    Feature record: CXX_FEATURE:0cxx_contextual_conversions
    Feature record: CXX_FEATURE:1cxx_decltype
    Feature record: CXX_FEATURE:0cxx_decltype_auto
    Feature record: CXX_FEATURE:1cxx_decltype_incomplete_return_types
    Feature record: CXX_FEATURE:1cxx_default_function_template_args
    Feature record: CXX_FEATURE:1cxx_defaulted_functions
    Feature record: CXX_FEATURE:1cxx_defaulted_move_initializers
    Feature record: CXX_FEATURE:1cxx_delegating_constructors
    Feature record: CXX_FEATURE:1cxx_deleted_functions
    Feature record: CXX_FEATURE:0cxx_digit_separators
    Feature record: CXX_FEATURE:1cxx_enum_forward_declarations
    Feature record: CXX_FEATURE:1cxx_explicit_conversions
    Feature record: CXX_FEATURE:1cxx_extended_friend_declarations
    Feature record: CXX_FEATURE:1cxx_extern_templates
    Feature record: CXX_FEATURE:1cxx_final
    Feature record: CXX_FEATURE:1cxx_func_identifier
    Feature record: CXX_FEATURE:1cxx_generalized_initializers
    Feature record: CXX_FEATURE:0cxx_generic_lambdas
    Feature record: CXX_FEATURE:1cxx_inheriting_constructors
    Feature record: CXX_FEATURE:1cxx_inline_namespaces
    Feature record: CXX_FEATURE:1cxx_lambdas
    Feature record: CXX_FEATURE:0cxx_lambda_init_captures
    Feature record: CXX_FEATURE:1cxx_local_type_template_args
    Feature record: CXX_FEATURE:1cxx_long_long_type
    Feature record: CXX_FEATURE:1cxx_noexcept
    Feature record: CXX_FEATURE:1cxx_nonstatic_member_init
    Feature record: CXX_FEATURE:1cxx_nullptr
    Feature record: CXX_FEATURE:1cxx_override
    Feature record: CXX_FEATURE:1cxx_range_for
    Feature record: CXX_FEATURE:1cxx_raw_string_literals
    Feature record: CXX_FEATURE:1cxx_reference_qualified_functions
    Feature record: CXX_FEATURE:0cxx_relaxed_constexpr
    Feature record: CXX_FEATURE:0cxx_return_type_deduction
    Feature record: CXX_FEATURE:1cxx_right_angle_brackets
    Feature record: CXX_FEATURE:1cxx_rvalue_references
    Feature record: CXX_FEATURE:1cxx_sizeof_member
    Feature record: CXX_FEATURE:1cxx_static_assert
    Feature record: CXX_FEATURE:1cxx_strong_enums
    Feature record: CXX_FEATURE:1cxx_template_template_parameters
    Feature record: CXX_FEATURE:1cxx_thread_local
    Feature record: CXX_FEATURE:1cxx_trailing_return_types
    Feature record: CXX_FEATURE:1cxx_unicode_literals
    Feature record: CXX_FEATURE:1cxx_uniform_initialization
    Feature record: CXX_FEATURE:1cxx_unrestricted_unions
    Feature record: CXX_FEATURE:1cxx_user_literals
    Feature record: CXX_FEATURE:0cxx_variable_templates
    Feature record: CXX_FEATURE:1cxx_variadic_macros
    Feature record: CXX_FEATURE:1cxx_variadic_templates


Detecting CXX [-std=c++98] compiler features compiled with the following output:
Change Dir: /home/yxg/pcl/pcl/normal-estmation-visualization/build/CMakeFiles/CMakeTmp

Run Build Command:"/usr/bin/gmake" "cmTC_d3e1e/fast"
/usr/bin/gmake -f CMakeFiles/cmTC_d3e1e.dir/build.make CMakeFiles/cmTC_d3e1e.dir/build
gmake[1]: Entering directory '/home/yxg/pcl/pcl/normal-estmation-visualization/build/CMakeFiles/CMakeTmp'
Building CXX object CMakeFiles/cmTC_d3e1e.dir/feature_tests.cxx.o
/usr/bin/c++     -std=c++98 -o CMakeFiles/cmTC_d3e1e.dir/feature_tests.cxx.o -c /home/yxg/pcl/pcl/normal-estmation-visualization/build/CMakeFiles/feature_tests.cxx
Linking CXX executable cmTC_d3e1e
/usr/bin/cmake -E cmake_link_script CMakeFiles/cmTC_d3e1e.dir/link.txt --verbose=1
/usr/bin/c++        CMakeFiles/cmTC_d3e1e.dir/feature_tests.cxx.o  -o cmTC_d3e1e -rdynamic 
gmake[1]: Leaving directory '/home/yxg/pcl/pcl/normal-estmation-visualization/build/CMakeFiles/CMakeTmp'


    Feature record: CXX_FEATURE:0cxx_aggregate_default_initializers
    Feature record: CXX_FEATURE:0cxx_alias_templates
    Feature record: CXX_FEATURE:0cxx_alignas
    Feature record: CXX_FEATURE:0cxx_alignof
    Feature record: CXX_FEATURE:0cxx_attributes
    Feature record: CXX_FEATURE:0cxx_attribute_deprecated
    Feature record: CXX_FEATURE:0cxx_auto_type
    Feature record: CXX_FEATURE:0cxx_binary_literals
    Feature record: CXX_FEATURE:0cxx_constexpr
    Feature record: CXX_FEATURE:0cxx_contextual_conversions
    Feature record: CXX_FEATURE:0cxx_decltype
    Feature record: CXX_FEATURE:0cxx_decltype_auto
    Feature record: CXX_FEATURE:0cxx_decltype_incomplete_return_types
    Feature record: CXX_FEATURE:0cxx_default_function_template_args
    Feature record: CXX_FEATURE:0cxx_defaulted_functions
    Feature record: CXX_FEATURE:0cxx_defaulted_move_initializers
    Feature record: CXX_FEATURE:0cxx_delegating_constructors
    Feature record: CXX_FEATURE:0cxx_deleted_functions
    Feature record: CXX_FEATURE:0cxx_digit_separators
    Feature record: CXX_FEATURE:0cxx_enum_forward_declarations
    Feature record: CXX_FEATURE:0cxx_explicit_conversions
    Feature record: CXX_FEATURE:0cxx_extended_friend_declarations
    Feature record: CXX_FEATURE:0cxx_extern_templates
    Feature record: CXX_FEATURE:0cxx_final
    Feature record: CXX_FEATURE:0cxx_func_identifier
    Feature record: CXX_FEATURE:0cxx_generalized_initializers
    Feature record: CXX_FEATURE:0cxx_generic_lambdas
    Feature record: CXX_FEATURE:0cxx_inheriting_constructors
    Feature record: CXX_FEATURE:0cxx_inline_namespaces
    Feature record: CXX_FEATURE:0cxx_lambdas
    Feature record: CXX_FEATURE:0cxx_lambda_init_captures
    Feature record: CXX_FEATURE:0cxx_local_type_template_args
    Feature record: CXX_FEATURE:0cxx_long_long_type
    Feature record: CXX_FEATURE:0cxx_noexcept
    Feature record: CXX_FEATURE:0cxx_nonstatic_member_init
    Feature record: CXX_FEATURE:0cxx_nullptr
    Feature record: CXX_FEATURE:0cxx_override
    Feature record: CXX_FEATURE:0cxx_range_for
    Feature record: CXX_FEATURE:0cxx_raw_string_literals
    Feature record: CXX_FEATURE:0cxx_reference_qualified_functions
    Feature record: CXX_FEATURE:0cxx_relaxed_constexpr
    Feature record: CXX_FEATURE:0cxx_return_type_deduction
    Feature record: CXX_FEATURE:0cxx_right_angle_brackets
    Feature record: CXX_FEATURE:0cxx_rvalue_references
    Feature record: CXX_FEATURE:0cxx_sizeof_member
    Feature record: CXX_FEATURE:0cxx_static_assert
    Feature record: CXX_FEATURE:0cxx_strong_enums
    Feature record: CXX_FEATURE:1cxx_template_template_parameters
    Feature record: CXX_FEATURE:0cxx_thread_local
    Feature record: CXX_FEATURE:0cxx_trailing_return_types
    Feature record: CXX_FEATURE:0cxx_unicode_literals
    Feature record: CXX_FEATURE:0cxx_uniform_initialization
    Feature record: CXX_FEATURE:0cxx_unrestricted_unions
    Feature record: CXX_FEATURE:0cxx_user_literals
    Feature record: CXX_FEATURE:0cxx_variable_templates
    Feature record: CXX_FEATURE:0cxx_variadic_macros
    Feature record: CXX_FEATURE:0cxx_variadic_templates
Determining if the include file pthread.h exists passed with the following output:
Change Dir: /home/yxg/pcl/pcl/normal-estmation-visualization/build/CMakeFiles/CMakeTmp

Run Build Command:"/usr/bin/gmake" "cmTC_fcd29/fast"
/usr/bin/gmake -f CMakeFiles/cmTC_fcd29.dir/build.make CMakeFiles/cmTC_fcd29.dir/build
gmake[1]: Entering directory '/home/yxg/pcl/pcl/normal-estmation-visualization/build/CMakeFiles/CMakeTmp'
Building C object CMakeFiles/cmTC_fcd29.dir/CheckIncludeFile.c.o
/usr/bin/cc     -o CMakeFiles/cmTC_fcd29.dir/CheckIncludeFile.c.o   -c /home/yxg/pcl/pcl/normal-estmation-visualization/build/CMakeFiles/CMakeTmp/CheckIncludeFile.c
Linking C executable cmTC_fcd29
/usr/bin/cmake -E cmake_link_script CMakeFiles/cmTC_fcd29.dir/link.txt --verbose=1
/usr/bin/cc       CMakeFiles/cmTC_fcd29.dir/CheckIncludeFile.c.o  -o cmTC_fcd29 -rdynamic 
gmake[1]: Leaving directory '/home/yxg/pcl/pcl/normal-estmation-visualization/build/CMakeFiles/CMakeTmp'


Determining if the function pthread_create exists in the pthread passed with the following output:
Change Dir: /home/yxg/pcl/pcl/normal-estmation-visualization/build/CMakeFiles/CMakeTmp

Run Build Command:"/usr/bin/gmake" "cmTC_c257d/fast"
/usr/bin/gmake -f CMakeFiles/cmTC_c257d.dir/build.make CMakeFiles/cmTC_c257d.dir/build
gmake[1]: Entering directory '/home/yxg/pcl/pcl/normal-estmation-visualization/build/CMakeFiles/CMakeTmp'
Building C object CMakeFiles/cmTC_c257d.dir/CheckFunctionExists.c.o
/usr/bin/cc    -DCHECK_FUNCTION_EXISTS=pthread_create   -o CMakeFiles/cmTC_c257d.dir/CheckFunctionExists.c.o   -c /usr/share/cmake/Modules/CheckFunctionExists.c
Linking C executable cmTC_c257d
/usr/bin/cmake -E cmake_link_script CMakeFiles/cmTC_c257d.dir/link.txt --verbose=1
/usr/bin/cc   -DCHECK_FUNCTION_EXISTS=pthread_create    CMakeFiles/cmTC_c257d.dir/CheckFunctionExists.c.o  -o cmTC_c257d -rdynamic -lpthread 
gmake[1]: Leaving directory '/home/yxg/pcl/pcl/normal-estmation-visualization/build/CMakeFiles/CMakeTmp'


The system is: Linux - 4.5.0-gentoo - x86_64
Compiling the C compiler identification source file "CMakeCCompilerId.c" succeeded.
Compiler: /usr/bin/cc 
Build flags: 
Id flags: 

The output was:
0


Compilation of the C compiler identification source "CMakeCCompilerId.c" produced "a.out"

The C compiler identification is GNU, found in "/home/yxg/pcl/pcl/normal-estmation-visualization/build/CMakeFiles/3.7.1/CompilerIdC/a.out"

Compiling the CXX compiler identification source file "CMakeCXXCompilerId.cpp" succeeded.
Compiler: /usr/bin/c++ 
Build flags: 
Id flags: 

The output was:
0


Compilation of the CXX compiler identification source "CMakeCXXCompilerId.cpp" produced "a.out"

The CXX compiler identification is GNU, found in "/home/yxg/pcl/pcl/normal-estmation-visualization/build/CMakeFiles/3.7.1/CompilerIdCXX/a.out"

Determining if the C compiler works passed with the following output:
Change Dir: /home/yxg/pcl/pcl/normal-estmation-visualization/build/CMakeFiles/CMakeTmp

Run Build Command:"/usr/bin/gmake" "cmTC_52e29/fast"
gmake[1]: Entering directory '/home/yxg/pcl/pcl/normal-estmation-visualization/build/CMakeFiles/CMakeTmp'
/usr/bin/gmake -f CMakeFiles/cmTC_52e29.dir/build.make CMakeFiles/cmTC_52e29.dir/build
gmake[2]: Entering directory '/home/yxg/pcl/pcl/normal-estmation-visualization/build/CMakeFiles/CMakeTmp'
Building C object CMakeFiles/cmTC_52e29.dir/testCCompiler.c.o
/usr/bin/cc     -o CMakeFiles/cmTC_52e29.dir/testCCompiler.c.o   -c /home/yxg/pcl/pcl/normal-estmation-visualization/build/CMakeFiles/CMakeTmp/testCCompiler.c
Linking C executable cmTC_52e29
/usr/bin/cmake -E cmake_link_script CMakeFiles/cmTC_52e29.dir/link.txt --verbose=1
/usr/bin/cc       CMakeFiles/cmTC_52e29.dir/testCCompiler.c.o  -o cmTC_52e29 -rdynamic 
gmake[2]: Leaving directory '/home/yxg/pcl/pcl/normal-estmation-visualization/build/CMakeFiles/CMakeTmp'
gmake[1]: Leaving directory '/home/yxg/pcl/pcl/normal-estmation-visualization/build/CMakeFiles/CMakeTmp'


Detecting C compiler ABI info compiled with the following output:
Change Dir: /home/yxg/pcl/pcl/normal-estmation-visualization/build/CMakeFiles/CMakeTmp

Run Build Command:"/usr/bin/gmake" "cmTC_e2574/fast"
gmake[1]: Entering directory '/home/yxg/pcl/pcl/normal-estmation-visualization/build/CMakeFiles/CMakeTmp'
/usr/bin/gmake -f CMakeFiles/cmTC_e2574.dir/build.make CMakeFiles/cmTC_e2574.dir/build
gmake[2]: Entering directory '/home/yxg/pcl/pcl/normal-estmation-visualization/build/CMakeFiles/CMakeTmp'
Building C object CMakeFiles/cmTC_e2574.dir/CMakeCCompilerABI.c.o
/usr/bin/cc     -o CMakeFiles/cmTC_e2574.dir/CMakeCCompilerABI.c.o   -c /usr/share/cmake/Modules/CMakeCCompilerABI.c
Linking C executable cmTC_e2574
/usr/bin/cmake -E cmake_link_script CMakeFiles/cmTC_e2574.dir/link.txt --verbose=1
/usr/bin/cc      -v CMakeFiles/cmTC_e2574.dir/CMakeCCompilerABI.c.o  -o cmTC_e2574 -rdynamic  
Using built-in specs.
COLLECT_GCC=/usr/x86_64-pc-linux-gnu/gcc-bin/5.3.0/gcc
COLLECT_LTO_WRAPPER=/usr/libexec/gcc/x86_64-pc-linux-gnu/5.3.0/lto-wrapper
Target: x86_64-pc-linux-gnu
Configured with: /var/tmp/portage/sys-devel/gcc-5.3.0/work/gcc-5.3.0/configure --host=x86_64-pc-linux-gnu --build=x86_64-pc-linux-gnu --prefix=/usr --bindir=/usr/x86_64-pc-linux-gnu/gcc-bin/5.3.0 --includedir=/usr/lib/gcc/x86_64-pc-linux-gnu/5.3.0/include --datadir=/usr/share/gcc-data/x86_64-pc-linux-gnu/5.3.0 --mandir=/usr/share/gcc-data/x86_64-pc-linux-gnu/5.3.0/man --infodir=/usr/share/gcc-data/x86_64-pc-linux-gnu/5.3.0/info --with-gxx-include-dir=/usr/lib/gcc/x86_64-pc-linux-gnu/5.3.0/include/g++-v5 --with-python-dir=/share/gcc-data/x86_64-pc-linux-gnu/5.3.0/python --enable-languages=c,c++,fortran --enable-obsolete --enable-secureplt --disable-werror --with-system-zlib --enable-nls --without-included-gettext --enable-checking=release --with-bugurl=https://bugs.gentoo.org/ --with-pkgversion='Gentoo 5.3.0 p1.0, pie-0.6.5' --enable-libstdcxx-time --enable-shared --enable-threads=posix --enable-__cxa_atexit --enable-clocale=gnu --disable-multilib --with-multilib-list=m64 --disable-altivec --disable-fixed-point --enable-targets=all --disable-libgcj --enable-libgomp --disable-libmudflap --disable-libssp --disable-libcilkrts --enable-lto --without-isl --enable-libsanitizer
Thread model: posix
gcc version 5.3.0 (Gentoo 5.3.0 p1.0, pie-0.6.5) 
COMPILER_PATH=/usr/libexec/gcc/x86_64-pc-linux-gnu/5.3.0/:/usr/libexec/gcc/x86_64-pc-linux-gnu/5.3.0/:/usr/libexec/gcc/x86_64-pc-linux-gnu/:/usr/lib/gcc/x86_64-pc-linux-gnu/5.3.0/:/usr/lib/gcc/x86_64-pc-linux-gnu/:/usr/lib/gcc/x86_64-pc-linux-gnu/5.3.0/../../../../x86_64-pc-linux-gnu/bin/
LIBRARY_PATH=/usr/lib/gcc/x86_64-pc-linux-gnu/5.3.0/:/usr/lib/gcc/x86_64-pc-linux-gnu/5.3.0/../../../../lib64/:/lib/../lib64/:/usr/lib/../lib64/:/usr/lib/gcc/x86_64-pc-linux-gnu/5.3.0/../../../../x86_64-pc-linux-gnu/lib/:/usr/lib/gcc/x86_64-pc-linux-gnu/5.3.0/../../../:/lib/:/usr/lib/
COLLECT_GCC_OPTIONS='-v' '-o' 'cmTC_e2574' '-rdynamic' '-mtune=generic' '-march=x86-64'
 /usr/libexec/gcc/x86_64-pc-linux-gnu/5.3.0/collect2 -plugin /usr/libexec/gcc/x86_64-pc-linux-gnu/5.3.0/liblto_plugin.so -plugin-opt=/usr/libexec/gcc/x86_64-pc-linux-gnu/5.3.0/lto-wrapper -plugin-opt=-fresolution=/tmp/ccRUQPLh.res -plugin-opt=-pass-through=-lgcc -plugin-opt=-pass-through=-lgcc_s -plugin-opt=-pass-through=-lc -plugin-opt=-pass-through=-lgcc -plugin-opt=-pass-through=-lgcc_s --eh-frame-hdr -m elf_x86_64 -export-dynamic -dynamic-linker /lib64/ld-linux-x86-64.so.2 -o cmTC_e2574 /usr/lib/gcc/x86_64-pc-linux-gnu/5.3.0/../../../../lib64/crt1.o /usr/lib/gcc/x86_64-pc-linux-gnu/5.3.0/../../../../lib64/crti.o /usr/lib/gcc/x86_64-pc-linux-gnu/5.3.0/crtbegin.o -L/usr/lib/gcc/x86_64-pc-linux-gnu/5.3.0 -L/usr/lib/gcc/x86_64-pc-linux-gnu/5.3.0/../../../../lib64 -L/lib/../lib64 -L/usr/lib/../lib64 -L/usr/lib/gcc/x86_64-pc-linux-gnu/5.3.0/../../../../x86_64-pc-linux-gnu/lib -L/usr/lib/gcc/x86_64-pc-linux-gnu/5.3.0/../../.. CMakeFiles/cmTC_e2574.dir/CMakeCCompilerABI.c.o -lgcc --as-needed -lgcc_s --no-as-needed -lc -lgcc --as-needed -lgcc_s --no-as-needed /usr/lib/gcc/x86_64-pc-linux-gnu/5.3.0/crtend.o /usr/lib/gcc/x86_64-pc-linux-gnu/5.3.0/../../../../lib64/crtn.o
gmake[2]: Leaving directory '/home/yxg/pcl/pcl/normal-estmation-visualization/build/CMakeFiles/CMakeTmp'
gmake[1]: Leaving directory '/home/yxg/pcl/pcl/normal-estmation-visualization/build/CMakeFiles/CMakeTmp'


Parsed C implicit link information from above output:
  link line regex: [^( *|.*[/\])(ld|([^/\]+-)?ld|collect2)[^/\]*( |$)]
  ignore line: [Change Dir: /home/yxg/pcl/pcl/normal-estmation-visualization/build/CMakeFiles/CMakeTmp]
  ignore line: []
  ignore line: [Run Build Command:"/usr/bin/gmake" "cmTC_e2574/fast"]
  ignore line: [gmake[1]: Entering directory '/home/yxg/pcl/pcl/normal-estmation-visualization/build/CMakeFiles/CMakeTmp']
  ignore line: [/usr/bin/gmake -f CMakeFiles/cmTC_e2574.dir/build.make CMakeFiles/cmTC_e2574.dir/build]
  ignore line: [gmake[2]: Entering directory '/home/yxg/pcl/pcl/normal-estmation-visualization/build/CMakeFiles/CMakeTmp']
  ignore line: [Building C object CMakeFiles/cmTC_e2574.dir/CMakeCCompilerABI.c.o]
  ignore line: [/usr/bin/cc     -o CMakeFiles/cmTC_e2574.dir/CMakeCCompilerABI.c.o   -c /usr/share/cmake/Modules/CMakeCCompilerABI.c]
  ignore line: [Linking C executable cmTC_e2574]
  ignore line: [/usr/bin/cmake -E cmake_link_script CMakeFiles/cmTC_e2574.dir/link.txt --verbose=1]
  ignore line: [/usr/bin/cc      -v CMakeFiles/cmTC_e2574.dir/CMakeCCompilerABI.c.o  -o cmTC_e2574 -rdynamic  ]
  ignore line: [Using built-in specs.]
  ignore line: [COLLECT_GCC=/usr/x86_64-pc-linux-gnu/gcc-bin/5.3.0/gcc]
  ignore line: [COLLECT_LTO_WRAPPER=/usr/libexec/gcc/x86_64-pc-linux-gnu/5.3.0/lto-wrapper]
  ignore line: [Target: x86_64-pc-linux-gnu]
  ignore line: [Configured with: /var/tmp/portage/sys-devel/gcc-5.3.0/work/gcc-5.3.0/configure --host=x86_64-pc-linux-gnu --build=x86_64-pc-linux-gnu --prefix=/usr --bindir=/usr/x86_64-pc-linux-gnu/gcc-bin/5.3.0 --includedir=/usr/lib/gcc/x86_64-pc-linux-gnu/5.3.0/include --datadir=/usr/share/gcc-data/x86_64-pc-linux-gnu/5.3.0 --mandir=/usr/share/gcc-data/x86_64-pc-linux-gnu/5.3.0/man --infodir=/usr/share/gcc-data/x86_64-pc-linux-gnu/5.3.0/info --with-gxx-include-dir=/usr/lib/gcc/x86_64-pc-linux-gnu/5.3.0/include/g++-v5 --with-python-dir=/share/gcc-data/x86_64-pc-linux-gnu/5.3.0/python --enable-languages=c,c++,fortran --enable-obsolete --enable-secureplt --disable-werror --with-system-zlib --enable-nls --without-included-gettext --enable-checking=release --with-bugurl=https://bugs.gentoo.org/ --with-pkgversion='Gentoo 5.3.0 p1.0, pie-0.6.5' --enable-libstdcxx-time --enable-shared --enable-threads=posix --enable-__cxa_atexit --enable-clocale=gnu --disable-multilib --with-multilib-list=m64 --disable-altivec --disable-fixed-point --enable-targets=all --disable-libgcj --enable-libgomp --disable-libmudflap --disable-libssp --disable-libcilkrts --enable-lto --without-isl --enable-libsanitizer]
  ignore line: [Thread model: posix]
  ignore line: [gcc version 5.3.0 (Gentoo 5.3.0 p1.0, pie-0.6.5) ]
  ignore line: [COMPILER_PATH=/usr/libexec/gcc/x86_64-pc-linux-gnu/5.3.0/:/usr/libexec/gcc/x86_64-pc-linux-gnu/5.3.0/:/usr/libexec/gcc/x86_64-pc-linux-gnu/:/usr/lib/gcc/x86_64-pc-linux-gnu/5.3.0/:/usr/lib/gcc/x86_64-pc-linux-gnu/:/usr/lib/gcc/x86_64-pc-linux-gnu/5.3.0/../../../../x86_64-pc-linux-gnu/bin/]
  ignore line: [LIBRARY_PATH=/usr/lib/gcc/x86_64-pc-linux-gnu/5.3.0/:/usr/lib/gcc/x86_64-pc-linux-gnu/5.3.0/../../../../lib64/:/lib/../lib64/:/usr/lib/../lib64/:/usr/lib/gcc/x86_64-pc-linux-gnu/5.3.0/../../../../x86_64-pc-linux-gnu/lib/:/usr/lib/gcc/x86_64-pc-linux-gnu/5.3.0/../../../:/lib/:/usr/lib/]
  ignore line: [COLLECT_GCC_OPTIONS='-v' '-o' 'cmTC_e2574' '-rdynamic' '-mtune=generic' '-march=x86-64']
  link line: [ /usr/libexec/gcc/x86_64-pc-linux-gnu/5.3.0/collect2 -plugin /usr/libexec/gcc/x86_64-pc-linux-gnu/5.3.0/liblto_plugin.so -plugin-opt=/usr/libexec/gcc/x86_64-pc-linux-gnu/5.3.0/lto-wrapper -plugin-opt=-fresolution=/tmp/ccRUQPLh.res -plugin-opt=-pass-through=-lgcc -plugin-opt=-pass-through=-lgcc_s -plugin-opt=-pass-through=-lc -plugin-opt=-pass-through=-lgcc -plugin-opt=-pass-through=-lgcc_s --eh-frame-hdr -m elf_x86_64 -export-dynamic -dynamic-linker /lib64/ld-linux-x86-64.so.2 -o cmTC_e2574 /usr/lib/gcc/x86_64-pc-linux-gnu/5.3.0/../../../../lib64/crt1.o /usr/lib/gcc/x86_64-pc-linux-gnu/5.3.0/../../../../lib64/crti.o /usr/lib/gcc/x86_64-pc-linux-gnu/5.3.0/crtbegin.o -L/usr/lib/gcc/x86_64-pc-linux-gnu/5.3.0 -L/usr/lib/gcc/x86_64-pc-linux-gnu/5.3.0/../../../../lib64 -L/lib/../lib64 -L/usr/lib/../lib64 -L/usr/lib/gcc/x86_64-pc-linux-gnu/5.3.0/../../../../x86_64-pc-linux-gnu/lib -L/usr/lib/gcc/x86_64-pc-linux-gnu/5.3.0/../../.. CMakeFiles/cmTC_e2574.dir/CMakeCCompilerABI.c.o -lgcc --as-needed -lgcc_s --no-as-needed -lc -lgcc --as-needed -lgcc_s --no-as-needed /usr/lib/gcc/x86_64-pc-linux-gnu/5.3.0/crtend.o /usr/lib/gcc/x86_64-pc-linux-gnu/5.3.0/../../../../lib64/crtn.o]
    arg [/usr/libexec/gcc/x86_64-pc-linux-gnu/5.3.0/collect2] ==> ignore
    arg [-plugin] ==> ignore
    arg [/usr/libexec/gcc/x86_64-pc-linux-gnu/5.3.0/liblto_plugin.so] ==> ignore
    arg [-plugin-opt=/usr/libexec/gcc/x86_64-pc-linux-gnu/5.3.0/lto-wrapper] ==> ignore
    arg [-plugin-opt=-fresolution=/tmp/ccRUQPLh.res] ==> ignore
    arg [-plugin-opt=-pass-through=-lgcc] ==> ignore
    arg [-plugin-opt=-pass-through=-lgcc_s] ==> ignore
    arg [-plugin-opt=-pass-through=-lc] ==> ignore
    arg [-plugin-opt=-pass-through=-lgcc] ==> ignore
    arg [-plugin-opt=-pass-through=-lgcc_s] ==> ignore
    arg [--eh-frame-hdr] ==> ignore
    arg [-m] ==> ignore
    arg [elf_x86_64] ==> ignore
    arg [-export-dynamic] ==> ignore
    arg [-dynamic-linker] ==> ignore
    arg [/lib64/ld-linux-x86-64.so.2] ==> ignore
    arg [-o] ==> ignore
    arg [cmTC_e2574] ==> ignore
    arg [/usr/lib/gcc/x86_64-pc-linux-gnu/5.3.0/../../../../lib64/crt1.o] ==> ignore
    arg [/usr/lib/gcc/x86_64-pc-linux-gnu/5.3.0/../../../../lib64/crti.o] ==> ignore
    arg [/usr/lib/gcc/x86_64-pc-linux-gnu/5.3.0/crtbegin.o] ==> ignore
    arg [-L/usr/lib/gcc/x86_64-pc-linux-gnu/5.3.0] ==> dir [/usr/lib/gcc/x86_64-pc-linux-gnu/5.3.0]
    arg [-L/usr/lib/gcc/x86_64-pc-linux-gnu/5.3.0/../../../../lib64] ==> dir [/usr/lib/gcc/x86_64-pc-linux-gnu/5.3.0/../../../../lib64]
    arg [-L/lib/../lib64] ==> dir [/lib/../lib64]
    arg [-L/usr/lib/../lib64] ==> dir [/usr/lib/../lib64]
    arg [-L/usr/lib/gcc/x86_64-pc-linux-gnu/5.3.0/../../../../x86_64-pc-linux-gnu/lib] ==> dir [/usr/lib/gcc/x86_64-pc-linux-gnu/5.3.0/../../../../x86_64-pc-linux-gnu/lib]
    arg [-L/usr/lib/gcc/x86_64-pc-linux-gnu/5.3.0/../../..] ==> dir [/usr/lib/gcc/x86_64-pc-linux-gnu/5.3.0/../../..]
    arg [CMakeFiles/cmTC_e2574.dir/CMakeCCompilerABI.c.o] ==> ignore
    arg [-lgcc] ==> lib [gcc]
    arg [--as-needed] ==> ignore
    arg [-lgcc_s] ==> lib [gcc_s]
    arg [--no-as-needed] ==> ignore
    arg [-lc] ==> lib [c]
    arg [-lgcc] ==> lib [gcc]
    arg [--as-needed] ==> ignore
    arg [-lgcc_s] ==> lib [gcc_s]
    arg [--no-as-needed] ==> ignore
    arg [/usr/lib/gcc/x86_64-pc-linux-gnu/5.3.0/crtend.o] ==> ignore
    arg [/usr/lib/gcc/x86_64-pc-linux-gnu/5.3.0/../../../../lib64/crtn.o] ==> ignore
  remove lib [gcc]
  remove lib [gcc_s]
  remove lib [gcc]
  remove lib [gcc_s]
  collapse library dir [/usr/lib/gcc/x86_64-pc-linux-gnu/5.3.0] ==> [/usr/lib/gcc/x86_64-pc-linux-gnu/5.3.0]
  collapse library dir [/usr/lib/gcc/x86_64-pc-linux-gnu/5.3.0/../../../../lib64] ==> [/usr/lib64]
  collapse library dir [/lib/../lib64] ==> [/lib64]
  collapse library dir [/usr/lib/../lib64] ==> [/usr/lib64]
  collapse library dir [/usr/lib/gcc/x86_64-pc-linux-gnu/5.3.0/../../../../x86_64-pc-linux-gnu/lib] ==> [/usr/x86_64-pc-linux-gnu/lib]
  collapse library dir [/usr/lib/gcc/x86_64-pc-linux-gnu/5.3.0/../../..] ==> [/usr/lib]
  implicit libs: [c]
  implicit dirs: [/usr/lib/gcc/x86_64-pc-linux-gnu/5.3.0;/usr/lib64;/lib64;/usr/x86_64-pc-linux-gnu/lib;/usr/lib]
  implicit fwks: []




Detecting C [-std=c11] compiler features compiled with the following output:
Change Dir: /home/yxg/pcl/pcl/normal-estmation-visualization/build/CMakeFiles/CMakeTmp

Run Build Command:"/usr/bin/gmake" "cmTC_09cff/fast"
gmake[1]: Entering directory '/home/yxg/pcl/pcl/normal-estmation-visualization/build/CMakeFiles/CMakeTmp'
/usr/bin/gmake -f CMakeFiles/cmTC_09cff.dir/build.make CMakeFiles/cmTC_09cff.dir/build
gmake[2]: Entering directory '/home/yxg/pcl/pcl/normal-estmation-visualization/build/CMakeFiles/CMakeTmp'
Building C object CMakeFiles/cmTC_09cff.dir/feature_tests.c.o
/usr/bin/cc    -std=c11 -o CMakeFiles/cmTC_09cff.dir/feature_tests.c.o   -c /home/yxg/pcl/pcl/normal-estmation-visualization/build/CMakeFiles/feature_tests.c
Linking C executable cmTC_09cff
/usr/bin/cmake -E cmake_link_script CMakeFiles/cmTC_09cff.dir/link.txt --verbose=1
/usr/bin/cc       CMakeFiles/cmTC_09cff.dir/feature_tests.c.o  -o cmTC_09cff -rdynamic 
gmake[2]: Leaving directory '/home/yxg/pcl/pcl/normal-estmation-visualization/build/CMakeFiles/CMakeTmp'
gmake[1]: Leaving directory '/home/yxg/pcl/pcl/normal-estmation-visualization/build/CMakeFiles/CMakeTmp'


    Feature record: C_FEATURE:1c_function_prototypes
    Feature record: C_FEATURE:1c_restrict
    Feature record: C_FEATURE:1c_static_assert
    Feature record: C_FEATURE:1c_variadic_macros


Detecting C [-std=c99] compiler features compiled with the following output:
Change Dir: /home/yxg/pcl/pcl/normal-estmation-visualization/build/CMakeFiles/CMakeTmp

Run Build Command:"/usr/bin/gmake" "cmTC_ef849/fast"
gmake[1]: Entering directory '/home/yxg/pcl/pcl/normal-estmation-visualization/build/CMakeFiles/CMakeTmp'
/usr/bin/gmake -f CMakeFiles/cmTC_ef849.dir/build.make CMakeFiles/cmTC_ef849.dir/build
gmake[2]: Entering directory '/home/yxg/pcl/pcl/normal-estmation-visualization/build/CMakeFiles/CMakeTmp'
Building C object CMakeFiles/cmTC_ef849.dir/feature_tests.c.o
/usr/bin/cc    -std=c99 -o CMakeFiles/cmTC_ef849.dir/feature_tests.c.o   -c /home/yxg/pcl/pcl/normal-estmation-visualization/build/CMakeFiles/feature_tests.c
Linking C executable cmTC_ef849
/usr/bin/cmake -E cmake_link_script CMakeFiles/cmTC_ef849.dir/link.txt --verbose=1
/usr/bin/cc       CMakeFiles/cmTC_ef849.dir/feature_tests.c.o  -o cmTC_ef849 -rdynamic 
gmake[2]: Leaving directory '/home/yxg/pcl/pcl/normal-estmation-visualization/build/CMakeFiles/CMakeTmp'
gmake[1]: Leaving directory '/home/yxg/pcl/pcl/normal-estmation-visualization/build/CMakeFiles/CMakeTmp'


    Feature record: C_FEATURE:1c_function_prototypes
    Feature record: C_FEATURE:1c_restrict
    Feature record: C_FEATURE:0c_static_assert
    Feature record: C_FEATURE:1c_variadic_macros


Detecting C [-std=c90] compiler features compiled with the following output:
Change Dir: /home/yxg/pcl/pcl/normal-estmation-visualization/build/CMakeFiles/CMakeTmp

Run Build Command:"/usr/bin/gmake" "cmTC_bdf52/fast"
gmake[1]: Entering directory '/home/yxg/pcl/pcl/normal-estmation-visualization/build/CMakeFiles/CMakeTmp'
/usr/bin/gmake -f CMakeFiles/cmTC_bdf52.dir/build.make CMakeFiles/cmTC_bdf52.dir/build
gmake[2]: Entering directory '/home/yxg/pcl/pcl/normal-estmation-visualization/build/CMakeFiles/CMakeTmp'
Building C object CMakeFiles/cmTC_bdf52.dir/feature_tests.c.o
/usr/bin/cc    -std=c90 -o CMakeFiles/cmTC_bdf52.dir/feature_tests.c.o   -c /home/yxg/pcl/pcl/normal-estmation-visualization/build/CMakeFiles/feature_tests.c
Linking C executable cmTC_bdf52
/usr/bin/cmake -E cmake_link_script CMakeFiles/cmTC_bdf52.dir/link.txt --verbose=1
/usr/bin/cc       CMakeFiles/cmTC_bdf52.dir/feature_tests.c.o  -o cmTC_bdf52 -rdynamic 
gmake[2]: Leaving directory '/home/yxg/pcl/pcl/normal-estmation-visualization/build/CMakeFiles/CMakeTmp'
gmake[1]: Leaving directory '/home/yxg/pcl/pcl/normal-estmation-visualization/build/CMakeFiles/CMakeTmp'


    Feature record: C_FEATURE:1c_function_prototypes
    Feature record: C_FEATURE:0c_restrict
    Feature record: C_FEATURE:0c_static_assert
    Feature record: C_FEATURE:0c_variadic_macros
Determining if the CXX compiler works passed with the following output:
Change Dir: /home/yxg/pcl/pcl/normal-estmation-visualization/build/CMakeFiles/CMakeTmp

Run Build Command:"/usr/bin/gmake" "cmTC_b07b3/fast"
gmake[1]: Entering directory '/home/yxg/pcl/pcl/normal-estmation-visualization/build/CMakeFiles/CMakeTmp'
/usr/bin/gmake -f CMakeFiles/cmTC_b07b3.dir/build.make CMakeFiles/cmTC_b07b3.dir/build
gmake[2]: Entering directory '/home/yxg/pcl/pcl/normal-estmation-visualization/build/CMakeFiles/CMakeTmp'
Building CXX object CMakeFiles/cmTC_b07b3.dir/testCXXCompiler.cxx.o
/usr/bin/c++      -o CMakeFiles/cmTC_b07b3.dir/testCXXCompiler.cxx.o -c /home/yxg/pcl/pcl/normal-estmation-visualization/build/CMakeFiles/CMakeTmp/testCXXCompiler.cxx
Linking CXX executable cmTC_b07b3
/usr/bin/cmake -E cmake_link_script CMakeFiles/cmTC_b07b3.dir/link.txt --verbose=1
/usr/bin/c++        CMakeFiles/cmTC_b07b3.dir/testCXXCompiler.cxx.o  -o cmTC_b07b3 -rdynamic 
gmake[2]: Leaving directory '/home/yxg/pcl/pcl/normal-estmation-visualization/build/CMakeFiles/CMakeTmp'
gmake[1]: Leaving directory '/home/yxg/pcl/pcl/normal-estmation-visualization/build/CMakeFiles/CMakeTmp'


Detecting CXX compiler ABI info compiled with the following output:
Change Dir: /home/yxg/pcl/pcl/normal-estmation-visualization/build/CMakeFiles/CMakeTmp

Run Build Command:"/usr/bin/gmake" "cmTC_5a729/fast"
gmake[1]: Entering directory '/home/yxg/pcl/pcl/normal-estmation-visualization/build/CMakeFiles/CMakeTmp'
/usr/bin/gmake -f CMakeFiles/cmTC_5a729.dir/build.make CMakeFiles/cmTC_5a729.dir/build
gmake[2]: Entering directory '/home/yxg/pcl/pcl/normal-estmation-visualization/build/CMakeFiles/CMakeTmp'
Building CXX object CMakeFiles/cmTC_5a729.dir/CMakeCXXCompilerABI.cpp.o
/usr/bin/c++      -o CMakeFiles/cmTC_5a729.dir/CMakeCXXCompilerABI.cpp.o -c /usr/share/cmake/Modules/CMakeCXXCompilerABI.cpp
Linking CXX executable cmTC_5a729
/usr/bin/cmake -E cmake_link_script CMakeFiles/cmTC_5a729.dir/link.txt --verbose=1
/usr/bin/c++       -v CMakeFiles/cmTC_5a729.dir/CMakeCXXCompilerABI.cpp.o  -o cmTC_5a729 -rdynamic  
Using built-in specs.
COLLECT_GCC=/usr/x86_64-pc-linux-gnu/gcc-bin/5.3.0/c++
COLLECT_LTO_WRAPPER=/usr/libexec/gcc/x86_64-pc-linux-gnu/5.3.0/lto-wrapper
Target: x86_64-pc-linux-gnu
Configured with: /var/tmp/portage/sys-devel/gcc-5.3.0/work/gcc-5.3.0/configure --host=x86_64-pc-linux-gnu --build=x86_64-pc-linux-gnu --prefix=/usr --bindir=/usr/x86_64-pc-linux-gnu/gcc-bin/5.3.0 --includedir=/usr/lib/gcc/x86_64-pc-linux-gnu/5.3.0/include --datadir=/usr/share/gcc-data/x86_64-pc-linux-gnu/5.3.0 --mandir=/usr/share/gcc-data/x86_64-pc-linux-gnu/5.3.0/man --infodir=/usr/share/gcc-data/x86_64-pc-linux-gnu/5.3.0/info --with-gxx-include-dir=/usr/lib/gcc/x86_64-pc-linux-gnu/5.3.0/include/g++-v5 --with-python-dir=/share/gcc-data/x86_64-pc-linux-gnu/5.3.0/python --enable-languages=c,c++,fortran --enable-obsolete --enable-secureplt --disable-werror --with-system-zlib --enable-nls --without-included-gettext --enable-checking=release --with-bugurl=https://bugs.gentoo.org/ --with-pkgversion='Gentoo 5.3.0 p1.0, pie-0.6.5' --enable-libstdcxx-time --enable-shared --enable-threads=posix --enable-__cxa_atexit --enable-clocale=gnu --disable-multilib --with-multilib-list=m64 --disable-altivec --disable-fixed-point --enable-targets=all --disable-libgcj --enable-libgomp --disable-libmudflap --disable-libssp --disable-libcilkrts --enable-lto --without-isl --enable-libsanitizer
Thread model: posix
gcc version 5.3.0 (Gentoo 5.3.0 p1.0, pie-0.6.5) 
COMPILER_PATH=/usr/libexec/gcc/x86_64-pc-linux-gnu/5.3.0/:/usr/libexec/gcc/x86_64-pc-linux-gnu/5.3.0/:/usr/libexec/gcc/x86_64-pc-linux-gnu/:/usr/lib/gcc/x86_64-pc-linux-gnu/5.3.0/:/usr/lib/gcc/x86_64-pc-linux-gnu/:/usr/lib/gcc/x86_64-pc-linux-gnu/5.3.0/../../../../x86_64-pc-linux-gnu/bin/
LIBRARY_PATH=/usr/lib/gcc/x86_64-pc-linux-gnu/5.3.0/:/usr/lib/gcc/x86_64-pc-linux-gnu/5.3.0/../../../../lib64/:/lib/../lib64/:/usr/lib/../lib64/:/usr/lib/gcc/x86_64-pc-linux-gnu/5.3.0/../../../../x86_64-pc-linux-gnu/lib/:/usr/lib/gcc/x86_64-pc-linux-gnu/5.3.0/../../../:/lib/:/usr/lib/
COLLECT_GCC_OPTIONS='-v' '-o' 'cmTC_5a729' '-rdynamic' '-shared-libgcc' '-mtune=generic' '-march=x86-64'
 /usr/libexec/gcc/x86_64-pc-linux-gnu/5.3.0/collect2 -plugin /usr/libexec/gcc/x86_64-pc-linux-gnu/5.3.0/liblto_plugin.so -plugin-opt=/usr/libexec/gcc/x86_64-pc-linux-gnu/5.3.0/lto-wrapper -plugin-opt=-fresolution=/tmp/ccSJMPQN.res -plugin-opt=-pass-through=-lgcc_s -plugin-opt=-pass-through=-lgcc -plugin-opt=-pass-through=-lc -plugin-opt=-pass-through=-lgcc_s -plugin-opt=-pass-through=-lgcc --eh-frame-hdr -m elf_x86_64 -export-dynamic -dynamic-linker /lib64/ld-linux-x86-64.so.2 -o cmTC_5a729 /usr/lib/gcc/x86_64-pc-linux-gnu/5.3.0/../../../../lib64/crt1.o /usr/lib/gcc/x86_64-pc-linux-gnu/5.3.0/../../../../lib64/crti.o /usr/lib/gcc/x86_64-pc-linux-gnu/5.3.0/crtbegin.o -L/usr/lib/gcc/x86_64-pc-linux-gnu/5.3.0 -L/usr/lib/gcc/x86_64-pc-linux-gnu/5.3.0/../../../../lib64 -L/lib/../lib64 -L/usr/lib/../lib64 -L/usr/lib/gcc/x86_64-pc-linux-gnu/5.3.0/../../../../x86_64-pc-linux-gnu/lib -L/usr/lib/gcc/x86_64-pc-linux-gnu/5.3.0/../../.. CMakeFiles/cmTC_5a729.dir/CMakeCXXCompilerABI.cpp.o -lstdc++ -lm -lgcc_s -lgcc -lc -lgcc_s -lgcc /usr/lib/gcc/x86_64-pc-linux-gnu/5.3.0/crtend.o /usr/lib/gcc/x86_64-pc-linux-gnu/5.3.0/../../../../lib64/crtn.o
gmake[2]: Leaving directory '/home/yxg/pcl/pcl/normal-estmation-visualization/build/CMakeFiles/CMakeTmp'
gmake[1]: Leaving directory '/home/yxg/pcl/pcl/normal-estmation-visualization/build/CMakeFiles/CMakeTmp'


Parsed CXX implicit link information from above output:
  link line regex: [^( *|.*[/\])(ld|([^/\]+-)?ld|collect2)[^/\]*( |$)]
  ignore line: [Change Dir: /home/yxg/pcl/pcl/normal-estmation-visualization/build/CMakeFiles/CMakeTmp]
  ignore line: []
  ignore line: [Run Build Command:"/usr/bin/gmake" "cmTC_5a729/fast"]
  ignore line: [gmake[1]: Entering directory '/home/yxg/pcl/pcl/normal-estmation-visualization/build/CMakeFiles/CMakeTmp']
  ignore line: [/usr/bin/gmake -f CMakeFiles/cmTC_5a729.dir/build.make CMakeFiles/cmTC_5a729.dir/build]
  ignore line: [gmake[2]: Entering directory '/home/yxg/pcl/pcl/normal-estmation-visualization/build/CMakeFiles/CMakeTmp']
  ignore line: [Building CXX object CMakeFiles/cmTC_5a729.dir/CMakeCXXCompilerABI.cpp.o]
  ignore line: [/usr/bin/c++      -o CMakeFiles/cmTC_5a729.dir/CMakeCXXCompilerABI.cpp.o -c /usr/share/cmake/Modules/CMakeCXXCompilerABI.cpp]
  ignore line: [Linking CXX executable cmTC_5a729]
  ignore line: [/usr/bin/cmake -E cmake_link_script CMakeFiles/cmTC_5a729.dir/link.txt --verbose=1]
  ignore line: [/usr/bin/c++       -v CMakeFiles/cmTC_5a729.dir/CMakeCXXCompilerABI.cpp.o  -o cmTC_5a729 -rdynamic  ]
  ignore line: [Using built-in specs.]
  ignore line: [COLLECT_GCC=/usr/x86_64-pc-linux-gnu/gcc-bin/5.3.0/c++]
  ignore line: [COLLECT_LTO_WRAPPER=/usr/libexec/gcc/x86_64-pc-linux-gnu/5.3.0/lto-wrapper]
  ignore line: [Target: x86_64-pc-linux-gnu]
  ignore line: [Configured with: /var/tmp/portage/sys-devel/gcc-5.3.0/work/gcc-5.3.0/configure --host=x86_64-pc-linux-gnu --build=x86_64-pc-linux-gnu --prefix=/usr --bindir=/usr/x86_64-pc-linux-gnu/gcc-bin/5.3.0 --includedir=/usr/lib/gcc/x86_64-pc-linux-gnu/5.3.0/include --datadir=/usr/share/gcc-data/x86_64-pc-linux-gnu/5.3.0 --mandir=/usr/share/gcc-data/x86_64-pc-linux-gnu/5.3.0/man --infodir=/usr/share/gcc-data/x86_64-pc-linux-gnu/5.3.0/info --with-gxx-include-dir=/usr/lib/gcc/x86_64-pc-linux-gnu/5.3.0/include/g++-v5 --with-python-dir=/share/gcc-data/x86_64-pc-linux-gnu/5.3.0/python --enable-languages=c,c++,fortran --enable-obsolete --enable-secureplt --disable-werror --with-system-zlib --enable-nls --without-included-gettext --enable-checking=release --with-bugurl=https://bugs.gentoo.org/ --with-pkgversion='Gentoo 5.3.0 p1.0, pie-0.6.5' --enable-libstdcxx-time --enable-shared --enable-threads=posix --enable-__cxa_atexit --enable-clocale=gnu --disable-multilib --with-multilib-list=m64 --disable-altivec --disable-fixed-point --enable-targets=all --disable-libgcj --enable-libgomp --disable-libmudflap --disable-libssp --disable-libcilkrts --enable-lto --without-isl --enable-libsanitizer]
  ignore line: [Thread model: posix]
  ignore line: [gcc version 5.3.0 (Gentoo 5.3.0 p1.0, pie-0.6.5) ]
  ignore line: [COMPILER_PATH=/usr/libexec/gcc/x86_64-pc-linux-gnu/5.3.0/:/usr/libexec/gcc/x86_64-pc-linux-gnu/5.3.0/:/usr/libexec/gcc/x86_64-pc-linux-gnu/:/usr/lib/gcc/x86_64-pc-linux-gnu/5.3.0/:/usr/lib/gcc/x86_64-pc-linux-gnu/:/usr/lib/gcc/x86_64-pc-linux-gnu/5.3.0/../../../../x86_64-pc-linux-gnu/bin/]
  ignore line: [LIBRARY_PATH=/usr/lib/gcc/x86_64-pc-linux-gnu/5.3.0/:/usr/lib/gcc/x86_64-pc-linux-gnu/5.3.0/../../../../lib64/:/lib/../lib64/:/usr/lib/../lib64/:/usr/lib/gcc/x86_64-pc-linux-gnu/5.3.0/../../../../x86_64-pc-linux-gnu/lib/:/usr/lib/gcc/x86_64-pc-linux-gnu/5.3.0/../../../:/lib/:/usr/lib/]
  ignore line: [COLLECT_GCC_OPTIONS='-v' '-o' 'cmTC_5a729' '-rdynamic' '-shared-libgcc' '-mtune=generic' '-march=x86-64']
  link line: [ /usr/libexec/gcc/x86_64-pc-linux-gnu/5.3.0/collect2 -plugin /usr/libexec/gcc/x86_64-pc-linux-gnu/5.3.0/liblto_plugin.so -plugin-opt=/usr/libexec/gcc/x86_64-pc-linux-gnu/5.3.0/lto-wrapper -plugin-opt=-fresolution=/tmp/ccSJMPQN.res -plugin-opt=-pass-through=-lgcc_s -plugin-opt=-pass-through=-lgcc -plugin-opt=-pass-through=-lc -plugin-opt=-pass-through=-lgcc_s -plugin-opt=-pass-through=-lgcc --eh-frame-hdr -m elf_x86_64 -export-dynamic -dynamic-linker /lib64/ld-linux-x86-64.so.2 -o cmTC_5a729 /usr/lib/gcc/x86_64-pc-linux-gnu/5.3.0/../../../../lib64/crt1.o /usr/lib/gcc/x86_64-pc-linux-gnu/5.3.0/../../../../lib64/crti.o /usr/lib/gcc/x86_64-pc-linux-gnu/5.3.0/crtbegin.o -L/usr/lib/gcc/x86_64-pc-linux-gnu/5.3.0 -L/usr/lib/gcc/x86_64-pc-linux-gnu/5.3.0/../../../../lib64 -L/lib/../lib64 -L/usr/lib/../lib64 -L/usr/lib/gcc/x86_64-pc-linux-gnu/5.3.0/../../../../x86_64-pc-linux-gnu/lib -L/usr/lib/gcc/x86_64-pc-linux-gnu/5.3.0/../../.. CMakeFiles/cmTC_5a729.dir/CMakeCXXCompilerABI.cpp.o -lstdc++ -lm -lgcc_s -lgcc -lc -lgcc_s -lgcc /usr/lib/gcc/x86_64-pc-linux-gnu/5.3.0/crtend.o /usr/lib/gcc/x86_64-pc-linux-gnu/5.3.0/../../../../lib64/crtn.o]
    arg [/usr/libexec/gcc/x86_64-pc-linux-gnu/5.3.0/collect2] ==> ignore
    arg [-plugin] ==> ignore
    arg [/usr/libexec/gcc/x86_64-pc-linux-gnu/5.3.0/liblto_plugin.so] ==> ignore
    arg [-plugin-opt=/usr/libexec/gcc/x86_64-pc-linux-gnu/5.3.0/lto-wrapper] ==> ignore
    arg [-plugin-opt=-fresolution=/tmp/ccSJMPQN.res] ==> ignore
    arg [-plugin-opt=-pass-through=-lgcc_s] ==> ignore
    arg [-plugin-opt=-pass-through=-lgcc] ==> ignore
    arg [-plugin-opt=-pass-through=-lc] ==> ignore
    arg [-plugin-opt=-pass-through=-lgcc_s] ==> ignore
    arg [-plugin-opt=-pass-through=-lgcc] ==> ignore
    arg [--eh-frame-hdr] ==> ignore
    arg [-m] ==> ignore
    arg [elf_x86_64] ==> ignore
    arg [-export-dynamic] ==> ignore
    arg [-dynamic-linker] ==> ignore
    arg [/lib64/ld-linux-x86-64.so.2] ==> ignore
    arg [-o] ==> ignore
    arg [cmTC_5a729] ==> ignore
    arg [/usr/lib/gcc/x86_64-pc-linux-gnu/5.3.0/../../../../lib64/crt1.o] ==> ignore
    arg [/usr/lib/gcc/x86_64-pc-linux-gnu/5.3.0/../../../../lib64/crti.o] ==> ignore
    arg [/usr/lib/gcc/x86_64-pc-linux-gnu/5.3.0/crtbegin.o] ==> ignore
    arg [-L/usr/lib/gcc/x86_64-pc-linux-gnu/5.3.0] ==> dir [/usr/lib/gcc/x86_64-pc-linux-gnu/5.3.0]
    arg [-L/usr/lib/gcc/x86_64-pc-linux-gnu/5.3.0/../../../../lib64] ==> dir [/usr/lib/gcc/x86_64-pc-linux-gnu/5.3.0/../../../../lib64]
    arg [-L/lib/../lib64] ==> dir [/lib/../lib64]
    arg [-L/usr/lib/../lib64] ==> dir [/usr/lib/../lib64]
    arg [-L/usr/lib/gcc/x86_64-pc-linux-gnu/5.3.0/../../../../x86_64-pc-linux-gnu/lib] ==> dir [/usr/lib/gcc/x86_64-pc-linux-gnu/5.3.0/../../../../x86_64-pc-linux-gnu/lib]
    arg [-L/usr/lib/gcc/x86_64-pc-linux-gnu/5.3.0/../../..] ==> dir [/usr/lib/gcc/x86_64-pc-linux-gnu/5.3.0/../../..]
    arg [CMakeFiles/cmTC_5a729.dir/CMakeCXXCompilerABI.cpp.o] ==> ignore
    arg [-lstdc++] ==> lib [stdc++]
    arg [-lm] ==> lib [m]
    arg [-lgcc_s] ==> lib [gcc_s]
    arg [-lgcc] ==> lib [gcc]
    arg [-lc] ==> lib [c]
    arg [-lgcc_s] ==> lib [gcc_s]
    arg [-lgcc] ==> lib [gcc]
    arg [/usr/lib/gcc/x86_64-pc-linux-gnu/5.3.0/crtend.o] ==> ignore
    arg [/usr/lib/gcc/x86_64-pc-linux-gnu/5.3.0/../../../../lib64/crtn.o] ==> ignore
  remove lib [gcc_s]
  remove lib [gcc]
  remove lib [gcc_s]
  remove lib [gcc]
  collapse library dir [/usr/lib/gcc/x86_64-pc-linux-gnu/5.3.0] ==> [/usr/lib/gcc/x86_64-pc-linux-gnu/5.3.0]
  collapse library dir [/usr/lib/gcc/x86_64-pc-linux-gnu/5.3.0/../../../../lib64] ==> [/usr/lib64]
  collapse library dir [/lib/../lib64] ==> [/lib64]
  collapse library dir [/usr/lib/../lib64] ==> [/usr/lib64]
  collapse library dir [/usr/lib/gcc/x86_64-pc-linux-gnu/5.3.0/../../../../x86_64-pc-linux-gnu/lib] ==> [/usr/x86_64-pc-linux-gnu/lib]
  collapse library dir [/usr/lib/gcc/x86_64-pc-linux-gnu/5.3.0/../../..] ==> [/usr/lib]
  implicit libs: [stdc++;m;c]
  implicit dirs: [/usr/lib/gcc/x86_64-pc-linux-gnu/5.3.0;/usr/lib64;/lib64;/usr/x86_64-pc-linux-gnu/lib;/usr/lib]
  implicit fwks: []




Detecting CXX [-std=c++14] compiler features compiled with the following output:
Change Dir: /home/yxg/pcl/pcl/normal-estmation-visualization/build/CMakeFiles/CMakeTmp

Run Build Command:"/usr/bin/gmake" "cmTC_e042f/fast"
gmake[1]: Entering directory '/home/yxg/pcl/pcl/normal-estmation-visualization/build/CMakeFiles/CMakeTmp'
/usr/bin/gmake -f CMakeFiles/cmTC_e042f.dir/build.make CMakeFiles/cmTC_e042f.dir/build
gmake[2]: Entering directory '/home/yxg/pcl/pcl/normal-estmation-visualization/build/CMakeFiles/CMakeTmp'
Building CXX object CMakeFiles/cmTC_e042f.dir/feature_tests.cxx.o
/usr/bin/c++     -std=c++14 -o CMakeFiles/cmTC_e042f.dir/feature_tests.cxx.o -c /home/yxg/pcl/pcl/normal-estmation-visualization/build/CMakeFiles/feature_tests.cxx
Linking CXX executable cmTC_e042f
/usr/bin/cmake -E cmake_link_script CMakeFiles/cmTC_e042f.dir/link.txt --verbose=1
/usr/bin/c++        CMakeFiles/cmTC_e042f.dir/feature_tests.cxx.o  -o cmTC_e042f -rdynamic 
gmake[2]: Leaving directory '/home/yxg/pcl/pcl/normal-estmation-visualization/build/CMakeFiles/CMakeTmp'
gmake[1]: Leaving directory '/home/yxg/pcl/pcl/normal-estmation-visualization/build/CMakeFiles/CMakeTmp'


    Feature record: CXX_FEATURE:1cxx_aggregate_default_initializers
    Feature record: CXX_FEATURE:1cxx_alias_templates
    Feature record: CXX_FEATURE:1cxx_alignas
    Feature record: CXX_FEATURE:1cxx_alignof
    Feature record: CXX_FEATURE:1cxx_attributes
    Feature record: CXX_FEATURE:1cxx_attribute_deprecated
    Feature record: CXX_FEATURE:1cxx_auto_type
    Feature record: CXX_FEATURE:1cxx_binary_literals
    Feature record: CXX_FEATURE:1cxx_constexpr
    Feature record: CXX_FEATURE:1cxx_contextual_conversions
    Feature record: CXX_FEATURE:1cxx_decltype
    Feature record: CXX_FEATURE:1cxx_decltype_auto
    Feature record: CXX_FEATURE:1cxx_decltype_incomplete_return_types
    Feature record: CXX_FEATURE:1cxx_default_function_template_args
    Feature record: CXX_FEATURE:1cxx_defaulted_functions
    Feature record: CXX_FEATURE:1cxx_defaulted_move_initializers
    Feature record: CXX_FEATURE:1cxx_delegating_constructors
    Feature record: CXX_FEATURE:1cxx_deleted_functions
    Feature record: CXX_FEATURE:1cxx_digit_separators
    Feature record: CXX_FEATURE:1cxx_enum_forward_declarations
    Feature record: CXX_FEATURE:1cxx_explicit_conversions
    Feature record: CXX_FEATURE:1cxx_extended_friend_declarations
    Feature record: CXX_FEATURE:1cxx_extern_templates
    Feature record: CXX_FEATURE:1cxx_final
    Feature record: CXX_FEATURE:1cxx_func_identifier
    Feature record: CXX_FEATURE:1cxx_generalized_initializers
    Feature record: CXX_FEATURE:1cxx_generic_lambdas
    Feature record: CXX_FEATURE:1cxx_inheriting_constructors
    Feature record: CXX_FEATURE:1cxx_inline_namespaces
    Feature record: CXX_FEATURE:1cxx_lambdas
    Feature record: CXX_FEATURE:1cxx_lambda_init_captures
    Feature record: CXX_FEATURE:1cxx_local_type_template_args
    Feature record: CXX_FEATURE:1cxx_long_long_type
    Feature record: CXX_FEATURE:1cxx_noexcept
    Feature record: CXX_FEATURE:1cxx_nonstatic_member_init
    Feature record: CXX_FEATURE:1cxx_nullptr
    Feature record: CXX_FEATURE:1cxx_override
    Feature record: CXX_FEATURE:1cxx_range_for
    Feature record: CXX_FEATURE:1cxx_raw_string_literals
    Feature record: CXX_FEATURE:1cxx_reference_qualified_functions
    Feature record: CXX_FEATURE:1cxx_relaxed_constexpr
    Feature record: CXX_FEATURE:1cxx_return_type_deduction
    Feature record: CXX_FEATURE:1cxx_right_angle_brackets
    Feature record: CXX_FEATURE:1cxx_rvalue_references
    Feature record: CXX_FEATURE:1cxx_sizeof_member
    Feature record: CXX_FEATURE:1cxx_static_assert
    Feature record: CXX_FEATURE:1cxx_strong_enums
    Feature record: CXX_FEATURE:1cxx_template_template_parameters
    Feature record: CXX_FEATURE:1cxx_thread_local
    Feature record: CXX_FEATURE:1cxx_trailing_return_types
    Feature record: CXX_FEATURE:1cxx_unicode_literals
    Feature record: CXX_FEATURE:1cxx_uniform_initialization
    Feature record: CXX_FEATURE:1cxx_unrestricted_unions
    Feature record: CXX_FEATURE:1cxx_user_literals
    Feature record: CXX_FEATURE:1cxx_variable_templates
    Feature record: CXX_FEATURE:1cxx_variadic_macros
    Feature record: CXX_FEATURE:1cxx_variadic_templates


Detecting CXX [-std=c++11] compiler features compiled with the following output:
Change Dir: /home/yxg/pcl/pcl/normal-estmation-visualization/build/CMakeFiles/CMakeTmp

Run Build Command:"/usr/bin/gmake" "cmTC_843cc/fast"
gmake[1]: Entering directory '/home/yxg/pcl/pcl/normal-estmation-visualization/build/CMakeFiles/CMakeTmp'
/usr/bin/gmake -f CMakeFiles/cmTC_843cc.dir/build.make CMakeFiles/cmTC_843cc.dir/build
gmake[2]: Entering directory '/home/yxg/pcl/pcl/normal-estmation-visualization/build/CMakeFiles/CMakeTmp'
Building CXX object CMakeFiles/cmTC_843cc.dir/feature_tests.cxx.o
/usr/bin/c++     -std=c++11 -o CMakeFiles/cmTC_843cc.dir/feature_tests.cxx.o -c /home/yxg/pcl/pcl/normal-estmation-visualization/build/CMakeFiles/feature_tests.cxx
Linking CXX executable cmTC_843cc
/usr/bin/cmake -E cmake_link_script CMakeFiles/cmTC_843cc.dir/link.txt --verbose=1
/usr/bin/c++        CMakeFiles/cmTC_843cc.dir/feature_tests.cxx.o  -o cmTC_843cc -rdynamic 
gmake[2]: Leaving directory '/home/yxg/pcl/pcl/normal-estmation-visualization/build/CMakeFiles/CMakeTmp'
gmake[1]: Leaving directory '/home/yxg/pcl/pcl/normal-estmation-visualization/build/CMakeFiles/CMakeTmp'


    Feature record: CXX_FEATURE:0cxx_aggregate_default_initializers
    Feature record: CXX_FEATURE:1cxx_alias_templates
    Feature record: CXX_FEATURE:1cxx_alignas
    Feature record: CXX_FEATURE:1cxx_alignof
    Feature record: CXX_FEATURE:1cxx_attributes
    Feature record: CXX_FEATURE:0cxx_attribute_deprecated
    Feature record: CXX_FEATURE:1cxx_auto_type
    Feature record: CXX_FEATURE:0cxx_binary_literals
    Feature record: CXX_FEATURE:1cxx_constexpr
    Feature record: CXX_FEATURE:0cxx_contextual_conversions
    Feature record: CXX_FEATURE:1cxx_decltype
    Feature record: CXX_FEATURE:0cxx_decltype_auto
    Feature record: CXX_FEATURE:1cxx_decltype_incomplete_return_types
    Feature record: CXX_FEATURE:1cxx_default_function_template_args
    Feature record: CXX_FEATURE:1cxx_defaulted_functions
    Feature record: CXX_FEATURE:1cxx_defaulted_move_initializers
    Feature record: CXX_FEATURE:1cxx_delegating_constructors
    Feature record: CXX_FEATURE:1cxx_deleted_functions
    Feature record: CXX_FEATURE:0cxx_digit_separators
    Feature record: CXX_FEATURE:1cxx_enum_forward_declarations
    Feature record: CXX_FEATURE:1cxx_explicit_conversions
    Feature record: CXX_FEATURE:1cxx_extended_friend_declarations
    Feature record: CXX_FEATURE:1cxx_extern_templates
    Feature record: CXX_FEATURE:1cxx_final
    Feature record: CXX_FEATURE:1cxx_func_identifier
    Feature record: CXX_FEATURE:1cxx_generalized_initializers
    Feature record: CXX_FEATURE:0cxx_generic_lambdas
    Feature record: CXX_FEATURE:1cxx_inheriting_constructors
    Feature record: CXX_FEATURE:1cxx_inline_namespaces
    Feature record: CXX_FEATURE:1cxx_lambdas
    Feature record: CXX_FEATURE:0cxx_lambda_init_captures
    Feature record: CXX_FEATURE:1cxx_local_type_template_args
    Feature record: CXX_FEATURE:1cxx_long_long_type
    Feature record: CXX_FEATURE:1cxx_noexcept
    Feature record: CXX_FEATURE:1cxx_nonstatic_member_init
    Feature record: CXX_FEATURE:1cxx_nullptr
    Feature record: CXX_FEATURE:1cxx_override
    Feature record: CXX_FEATURE:1cxx_range_for
    Feature record: CXX_FEATURE:1cxx_raw_string_literals
    Feature record: CXX_FEATURE:1cxx_reference_qualified_functions
    Feature record: CXX_FEATURE:0cxx_relaxed_constexpr
    Feature record: CXX_FEATURE:0cxx_return_type_deduction
    Feature record: CXX_FEATURE:1cxx_right_angle_brackets
    Feature record: CXX_FEATURE:1cxx_rvalue_references
    Feature record: CXX_FEATURE:1cxx_sizeof_member
    Feature record: CXX_FEATURE:1cxx_static_assert
    Feature record: CXX_FEATURE:1cxx_strong_enums
    Feature record: CXX_FEATURE:1cxx_template_template_parameters
    Feature record: CXX_FEATURE:1cxx_thread_local
    Feature record: CXX_FEATURE:1cxx_trailing_return_types
    Feature record: CXX_FEATURE:1cxx_unicode_literals
    Feature record: CXX_FEATURE:1cxx_uniform_initialization
    Feature record: CXX_FEATURE:1cxx_unrestricted_unions
    Feature record: CXX_FEATURE:1cxx_user_literals
    Feature record: CXX_FEATURE:0cxx_variable_templates
    Feature record: CXX_FEATURE:1cxx_variadic_macros
    Feature record: CXX_FEATURE:1cxx_variadic_templates


Detecting CXX [-std=c++98] compiler features compiled with the following output:
Change Dir: /home/yxg/pcl/pcl/normal-estmation-visualization/build/CMakeFiles/CMakeTmp

Run Build Command:"/usr/bin/gmake" "cmTC_40866/fast"
gmake[1]: Entering directory '/home/yxg/pcl/pcl/normal-estmation-visualization/build/CMakeFiles/CMakeTmp'
/usr/bin/gmake -f CMakeFiles/cmTC_40866.dir/build.make CMakeFiles/cmTC_40866.dir/build
gmake[2]: Entering directory '/home/yxg/pcl/pcl/normal-estmation-visualization/build/CMakeFiles/CMakeTmp'
Building CXX object CMakeFiles/cmTC_40866.dir/feature_tests.cxx.o
/usr/bin/c++     -std=c++98 -o CMakeFiles/cmTC_40866.dir/feature_tests.cxx.o -c /home/yxg/pcl/pcl/normal-estmation-visualization/build/CMakeFiles/feature_tests.cxx
Linking CXX executable cmTC_40866
/usr/bin/cmake -E cmake_link_script CMakeFiles/cmTC_40866.dir/link.txt --verbose=1
/usr/bin/c++        CMakeFiles/cmTC_40866.dir/feature_tests.cxx.o  -o cmTC_40866 -rdynamic 
gmake[2]: Leaving directory '/home/yxg/pcl/pcl/normal-estmation-visualization/build/CMakeFiles/CMakeTmp'
gmake[1]: Leaving directory '/home/yxg/pcl/pcl/normal-estmation-visualization/build/CMakeFiles/CMakeTmp'


    Feature record: CXX_FEATURE:0cxx_aggregate_default_initializers
    Feature record: CXX_FEATURE:0cxx_alias_templates
    Feature record: CXX_FEATURE:0cxx_alignas
    Feature record: CXX_FEATURE:0cxx_alignof
    Feature record: CXX_FEATURE:0cxx_attributes
    Feature record: CXX_FEATURE:0cxx_attribute_deprecated
    Feature record: CXX_FEATURE:0cxx_auto_type
    Feature record: CXX_FEATURE:0cxx_binary_literals
    Feature record: CXX_FEATURE:0cxx_constexpr
    Feature record: CXX_FEATURE:0cxx_contextual_conversions
    Feature record: CXX_FEATURE:0cxx_decltype
    Feature record: CXX_FEATURE:0cxx_decltype_auto
    Feature record: CXX_FEATURE:0cxx_decltype_incomplete_return_types
    Feature record: CXX_FEATURE:0cxx_default_function_template_args
    Feature record: CXX_FEATURE:0cxx_defaulted_functions
    Feature record: CXX_FEATURE:0cxx_defaulted_move_initializers
    Feature record: CXX_FEATURE:0cxx_delegating_constructors
    Feature record: CXX_FEATURE:0cxx_deleted_functions
    Feature record: CXX_FEATURE:0cxx_digit_separators
    Feature record: CXX_FEATURE:0cxx_enum_forward_declarations
    Feature record: CXX_FEATURE:0cxx_explicit_conversions
    Feature record: CXX_FEATURE:0cxx_extended_friend_declarations
    Feature record: CXX_FEATURE:0cxx_extern_templates
    Feature record: CXX_FEATURE:0cxx_final
    Feature record: CXX_FEATURE:0cxx_func_identifier
    Feature record: CXX_FEATURE:0cxx_generalized_initializers
    Feature record: CXX_FEATURE:0cxx_generic_lambdas
    Feature record: CXX_FEATURE:0cxx_inheriting_constructors
    Feature record: CXX_FEATURE:0cxx_inline_namespaces
    Feature record: CXX_FEATURE:0cxx_lambdas
    Feature record: CXX_FEATURE:0cxx_lambda_init_captures
    Feature record: CXX_FEATURE:0cxx_local_type_template_args
    Feature record: CXX_FEATURE:0cxx_long_long_type
    Feature record: CXX_FEATURE:0cxx_noexcept
    Feature record: CXX_FEATURE:0cxx_nonstatic_member_init
    Feature record: CXX_FEATURE:0cxx_nullptr
    Feature record: CXX_FEATURE:0cxx_override
    Feature record: CXX_FEATURE:0cxx_range_for
    Feature record: CXX_FEATURE:0cxx_raw_string_literals
    Feature record: CXX_FEATURE:0cxx_reference_qualified_functions
    Feature record: CXX_FEATURE:0cxx_relaxed_constexpr
    Feature record: CXX_FEATURE:0cxx_return_type_deduction
    Feature record: CXX_FEATURE:0cxx_right_angle_brackets
    Feature record: CXX_FEATURE:0cxx_rvalue_references
    Feature record: CXX_FEATURE:0cxx_sizeof_member
    Feature record: CXX_FEATURE:0cxx_static_assert
    Feature record: CXX_FEATURE:0cxx_strong_enums
    Feature record: CXX_FEATURE:1cxx_template_template_parameters
    Feature record: CXX_FEATURE:0cxx_thread_local
    Feature record: CXX_FEATURE:0cxx_trailing_return_types
    Feature record: CXX_FEATURE:0cxx_unicode_literals
    Feature record: CXX_FEATURE:0cxx_uniform_initialization
    Feature record: CXX_FEATURE:0cxx_unrestricted_unions
    Feature record: CXX_FEATURE:0cxx_user_literals
    Feature record: CXX_FEATURE:0cxx_variable_templates
    Feature record: CXX_FEATURE:0cxx_variadic_macros
    Feature record: CXX_FEATURE:0cxx_variadic_templates
